"../../../Engine/Content/EngineMaterials/T_Default_Material_Grid_M.ubulk" 0
"../../../Engine/Content/EngineMaterials/T_Default_Material_Grid_M.uasset" 1
"../../../Engine/Content/EngineMaterials/T_Default_Material_Grid_M.uexp" 2
"../../../Engine/Content/EngineMaterials/T_Default_Material_Grid_N.ubulk" 3
"../../../Engine/Content/EngineMaterials/T_Default_Material_Grid_N.uasset" 4
"../../../Engine/Content/EngineMaterials/T_Default_Material_Grid_N.uexp" 5
"../../../Engine/Content/Functions/Engine_MaterialFunctions01/Opacity/CameraDepthFade.uasset" 6
"../../../Engine/Content/Functions/Engine_MaterialFunctions01/Opacity/CameraDepthFade.uexp" 7
"../../../Engine/Content/EngineMaterials/DefaultMaterial.uasset" 8
"../../../Engine/Content/EngineMaterials/DefaultMaterial.uexp" 9
"../../../Engine/Content/BasicShapes/Sphere.ubulk" 10
"../../../Engine/Content/BasicShapes/Sphere.uasset" 11
"../../../Engine/Content/BasicShapes/Sphere.uexp" 12
"../../../Engine/Content/EngineMaterials/WorldGridMaterial.uasset" 13
"../../../Engine/Content/EngineMaterials/WorldGridMaterial.uexp" 14
"../../../Engine/Content/BasicShapes/Plane.ubulk" 15
"../../../Engine/Content/BasicShapes/Plane.uasset" 16
"../../../Engine/Content/BasicShapes/Plane.uexp" 17
"../../../Engine/Content/BasicShapes/Cylinder.ubulk" 18
"../../../Engine/Content/BasicShapes/Cylinder.uasset" 19
"../../../Engine/Content/BasicShapes/Cylinder.uexp" 20
"../../../Engine/Content/BasicShapes/Cone.ubulk" 21
"../../../Engine/Content/BasicShapes/Cone.uasset" 22
"../../../Engine/Content/BasicShapes/Cone.uexp" 23
"../../../Engine/Content/ArtTools/RenderToTexture/Meshes/S_1_Unit_Plane.ubulk" 24
"../../../Engine/Content/ArtTools/RenderToTexture/Meshes/S_1_Unit_Plane.uasset" 25
"../../../Engine/Content/ArtTools/RenderToTexture/Meshes/S_1_Unit_Plane.uexp" 26
"../../../Engine/Content/EditorLandscapeResources/DefaultAlphaTexture.uasset" 27
"../../../Engine/Content/EditorLandscapeResources/DefaultAlphaTexture.uexp" 28
"../../../Engine/Content/EditorLandscapeResources/DataLayer.uasset" 29
"../../../Engine/Content/EditorLandscapeResources/DataLayer.uexp" 30
"../../../Engine/Content/EditorMaterials/PreviewShadowIndicator.ubulk" 31
"../../../Engine/Content/EditorMaterials/PreviewShadowIndicator.uasset" 32
"../../../Engine/Content/EditorMaterials/PreviewShadowIndicator.uexp" 33
"../../../Engine/Content/EditorMaterials/PreviewShadowIndicatorMaterial.uasset" 34
"../../../Engine/Content/EditorMaterials/PreviewShadowIndicatorMaterial.uexp" 35
"../../../Engine/Content/EditorMaterials/MAT_Groups_Visibility.uasset" 36
"../../../Engine/Content/EditorMaterials/MAT_Groups_Visibility.uexp" 37
"../../../Engine/Content/EditorMaterials/MAT_Groups_Toggle.uasset" 38
"../../../Engine/Content/EditorMaterials/MAT_Groups_Toggle.uexp" 39
"../../../Engine/Content/EditorMaterials/MatineeGroups/MAT_Groups_Vector.uasset" 40
"../../../Engine/Content/EditorMaterials/MatineeGroups/MAT_Groups_Vector.uexp" 41
"../../../Engine/Content/EditorMaterials/MatineeGroups/MAT_Groups_Sound.uasset" 42
"../../../Engine/Content/EditorMaterials/MatineeGroups/MAT_Groups_Sound.uexp" 43
"../../../Engine/Content/EditorMaterials/MatineeGroups/MAT_Groups_Slomo.uasset" 44
"../../../Engine/Content/EditorMaterials/MatineeGroups/MAT_Groups_Slomo.uexp" 45
"../../../Engine/Content/EditorMaterials/MatineeGroups/MAT_Groups_Move.uasset" 46
"../../../Engine/Content/EditorMaterials/MatineeGroups/MAT_Groups_Move.uexp" 47
"../../../Engine/Content/EditorMaterials/MatineeGroups/MAT_Groups_Float.uasset" 48
"../../../Engine/Content/EditorMaterials/MatineeGroups/MAT_Groups_Float.uexp" 49
"../../../Engine/Content/EditorMaterials/MatineeGroups/MAT_Groups_Fade.uasset" 50
"../../../Engine/Content/EditorMaterials/MatineeGroups/MAT_Groups_Fade.uexp" 51
"../../../Engine/Content/EditorMaterials/MatineeGroups/MAT_Groups_Event.uasset" 52
"../../../Engine/Content/EditorMaterials/MatineeGroups/MAT_Groups_Event.uexp" 53
"../../../Engine/Content/EditorMaterials/MatineeGroups/MAT_Groups_Director.uasset" 54
"../../../Engine/Content/EditorMaterials/MatineeGroups/MAT_Groups_Director.uexp" 55
"../../../Engine/Content/EditorMaterials/MatineeGroups/MAT_Groups_AudioMaster.uasset" 56
"../../../Engine/Content/EditorMaterials/MatineeGroups/MAT_Groups_AudioMaster.uexp" 57
"../../../Engine/Content/EditorMaterials/MatineeGroups/MAT_Groups_Anim.uasset" 58
"../../../Engine/Content/EditorMaterials/MatineeGroups/MAT_Groups_Anim.uexp" 59
"../../../Engine/Content/EditorMaterials/MatineeGroups/MAT_ColorTrack.uasset" 60
"../../../Engine/Content/EditorMaterials/MatineeGroups/MAT_ColorTrack.uexp" 61
"../../../Engine/Content/EditorMaterials/ParticleSystems/PSysThumbnail_OOD.ubulk" 62
"../../../Engine/Content/EditorMaterials/ParticleSystems/PSysThumbnail_OOD.uasset" 63
"../../../Engine/Content/EditorMaterials/ParticleSystems/PSysThumbnail_OOD.uexp" 64
"../../../Engine/Content/EditorMaterials/ParticleSystems/PSysThumbnail_NoImage.ubulk" 65
"../../../Engine/Content/EditorMaterials/ParticleSystems/PSysThumbnail_NoImage.uasset" 66
"../../../Engine/Content/EditorMaterials/ParticleSystems/PSysThumbnail_NoImage.uexp" 67
"../../../Engine/Content/Functions/Engine_MaterialFunctions02/Utility/MakeFloat4.uasset" 68
"../../../Engine/Content/Functions/Engine_MaterialFunctions02/Utility/MakeFloat4.uexp" 69
"../../../Engine/Content/Functions/Engine_MaterialFunctions02/Utility/MakeFloat3.uasset" 70
"../../../Engine/Content/Functions/Engine_MaterialFunctions02/Utility/MakeFloat3.uexp" 71
"../../../Engine/Content/Functions/Engine_MaterialFunctions02/Utility/BreakOutFloat3Components.uasset" 72
"../../../Engine/Content/Functions/Engine_MaterialFunctions02/Utility/BreakOutFloat3Components.uexp" 73
"../../../Engine/Content/EditorMaterials/WorldPartition/WorldPartitionSpatialHashGridPreviewMaterial.uasset" 74
"../../../Engine/Content/EditorMaterials/WorldPartition/WorldPartitionSpatialHashGridPreviewMaterial.uexp" 75
"../../../Engine/Content/EditorMaterials/Camera/CineMat.uasset" 76
"../../../Engine/Content/EditorMaterials/Camera/CineMat.uexp" 77
"../../../Engine/Content/EditorMaterials/Camera/MI_CineMat_Rig.uasset" 78
"../../../Engine/Content/EditorMaterials/Camera/MI_CineMat_Rig.uexp" 79
"../../../Engine/Content/EditorMeshes/Camera/SM_RailRig_Track.ubulk" 80
"../../../Engine/Content/EditorMeshes/Camera/SM_RailRig_Track.uasset" 81
"../../../Engine/Content/EditorMeshes/Camera/SM_RailRig_Track.uexp" 82
"../../../Engine/Content/EditorMeshes/Camera/SM_RailRig_Mount.ubulk" 83
"../../../Engine/Content/EditorMeshes/Camera/SM_RailRig_Mount.uasset" 84
"../../../Engine/Content/EditorMeshes/Camera/SM_RailRig_Mount.uexp" 85
"../../../Engine/Content/EditorMeshes/Camera/SM_CraneRig_Mount.ubulk" 86
"../../../Engine/Content/EditorMeshes/Camera/SM_CraneRig_Mount.uasset" 87
"../../../Engine/Content/EditorMeshes/Camera/SM_CraneRig_Mount.uexp" 88
"../../../Engine/Content/EditorMeshes/Camera/SM_CraneRig_Body.ubulk" 89
"../../../Engine/Content/EditorMeshes/Camera/SM_CraneRig_Body.uasset" 90
"../../../Engine/Content/EditorMeshes/Camera/SM_CraneRig_Body.uexp" 91
"../../../Engine/Content/EditorMeshes/Camera/SM_CraneRig_Base.ubulk" 92
"../../../Engine/Content/EditorMeshes/Camera/SM_CraneRig_Base.uasset" 93
"../../../Engine/Content/EditorMeshes/Camera/SM_CraneRig_Base.uexp" 94
"../../../Engine/Content/EditorMeshes/Camera/SM_CraneRig_Arm.ubulk" 95
"../../../Engine/Content/EditorMeshes/Camera/SM_CraneRig_Arm.uasset" 96
"../../../Engine/Content/EditorMeshes/Camera/SM_CraneRig_Arm.uexp" 97
"../../../Engine/Content/EditorResources/S_TriggerSphere.uasset" 98
"../../../Engine/Content/EditorResources/S_TriggerSphere.uexp" 99
"../../../Engine/Content/EditorResources/S_TriggerCapsule.uasset" 100
"../../../Engine/Content/EditorResources/S_TriggerCapsule.uexp" 101
"../../../Engine/Content/EditorResources/S_TriggerBox.uasset" 102
"../../../Engine/Content/EditorResources/S_TriggerBox.uexp" 103
"../../../Engine/Content/EditorResources/S_Trigger.ubulk" 104
"../../../Engine/Content/EditorResources/S_Trigger.uasset" 105
"../../../Engine/Content/EditorResources/S_Trigger.uexp" 106
"../../../Engine/Content/EditorResources/S_Terrain.ubulk" 107
"../../../Engine/Content/EditorResources/S_Terrain.uasset" 108
"../../../Engine/Content/EditorResources/S_Terrain.uexp" 109
"../../../Engine/Content/EditorResources/S_Solver.ubulk" 110
"../../../Engine/Content/EditorResources/S_Solver.uasset" 111
"../../../Engine/Content/EditorResources/S_Solver.uexp" 112
"../../../Engine/Content/EditorResources/S_BoxReflectionCapture.uasset" 113
"../../../Engine/Content/EditorResources/S_BoxReflectionCapture.uexp" 114
"../../../Engine/Content/EditorResources/S_Actor.ubulk" 115
"../../../Engine/Content/EditorResources/S_Actor.uasset" 116
"../../../Engine/Content/EditorResources/S_Actor.uexp" 117
"../../../Engine/Content/EditorResources/EmptyActor.uasset" 118
"../../../Engine/Content/EditorResources/EmptyActor.uexp" 119
"../../../Engine/Content/EditorResources/BSPVertex.uasset" 120
"../../../Engine/Content/EditorResources/BSPVertex.uexp" 121
"../../../Engine/Content/EditorResources/AudioIcons/S_AudioComponent_AutoActivate.uasset" 122
"../../../Engine/Content/EditorResources/AudioIcons/S_AudioComponent_AutoActivate.uexp" 123
"../../../Engine/Content/EditorResources/LightIcons/S_LightError.uasset" 124
"../../../Engine/Content/EditorResources/LightIcons/S_LightError.uexp" 125
"../../../Engine/Content/EditorResources/SequenceRecorder/RecordingIndicator.uasset" 126
"../../../Engine/Content/EditorResources/SequenceRecorder/RecordingIndicator.uexp" 127
"../../../Engine/Content/EditorResources/SequenceRecorder/Countdown.uasset" 128
"../../../Engine/Content/EditorResources/SequenceRecorder/Countdown.uexp" 129
"../../../Engine/Content/EngineDamageTypes/DmgTypeBP_Environmental.uasset" 130
"../../../Engine/Content/EngineDamageTypes/DmgTypeBP_Environmental.uexp" 131
"../../../Engine/Content/Functions/Engine_MaterialFunctions02/Utility/CameraDirectionVector.uasset" 132
"../../../Engine/Content/Functions/Engine_MaterialFunctions02/Utility/CameraDirectionVector.uexp" 133
"../../../Engine/Content/EngineDebugMaterials/VolumeToRender.uasset" 134
"../../../Engine/Content/EngineDebugMaterials/VolumeToRender.uexp" 135
"../../../Engine/Content/EngineDebugMaterials/M_VolumeRenderSphereTracePP.uasset" 136
"../../../Engine/Content/EngineDebugMaterials/M_VolumeRenderSphereTracePP.uexp" 137
"../../../Engine/Content/EngineDebugMaterials/M_SimpleUnlitTranslucent.uasset" 138
"../../../Engine/Content/EngineDebugMaterials/M_SimpleUnlitTranslucent.uexp" 139
"../../../Engine/Content/EngineDebugMaterials/DebugMeshMaterial.uasset" 140
"../../../Engine/Content/EngineDebugMaterials/DebugMeshMaterial.uexp" 141
"../../../Engine/Content/EngineDebugMaterials/DebugEditorMaterial.uasset" 142
"../../../Engine/Content/EngineDebugMaterials/DebugEditorMaterial.uexp" 143
"../../../Engine/Content/EngineFonts/Faces/RobotoLight.uexp" 144
"../../../Engine/Content/EngineFonts/Faces/RobotoLight.uasset" 145
"../../../Engine/Content/EngineFonts/Faces/RobotoLight.ufont" 146
"../../../Engine/Content/EngineFonts/Faces/RobotoBold.uexp" 147
"../../../Engine/Content/EngineFonts/Faces/RobotoBold.uasset" 148
"../../../Engine/Content/EngineFonts/Faces/RobotoBold.ufont" 149
"../../../Engine/Content/EngineFonts/Faces/RobotoRegular.uexp" 150
"../../../Engine/Content/EngineFonts/Faces/RobotoRegular.uasset" 151
"../../../Engine/Content/EngineFonts/Faces/RobotoRegular.ufont" 152
"../../../Engine/Content/EngineFonts/Faces/DroidSansFallback.uexp" 153
"../../../Engine/Content/EngineFonts/Faces/DroidSansFallback.uasset" 154
"../../../Engine/Content/EngineFonts/Faces/DroidSansFallback.ufont" 155
"../../../Engine/Content/EngineFonts/Faces/RobotoItalic.uexp" 156
"../../../Engine/Content/EngineFonts/Faces/RobotoItalic.uasset" 157
"../../../Engine/Content/EngineFonts/Faces/RobotoItalic.ufont" 158
"../../../Engine/Content/EngineFonts/Faces/RobotoBoldItalic.uexp" 159
"../../../Engine/Content/EngineFonts/Faces/RobotoBoldItalic.uasset" 160
"../../../Engine/Content/EngineFonts/Faces/RobotoBoldItalic.ufont" 161
"../../../Engine/Content/EngineFonts/Roboto.uasset" 162
"../../../Engine/Content/EngineFonts/Roboto.uexp" 163
"../../../Engine/Content/EngineResources/WhiteSquareTexture.uasset" 164
"../../../Engine/Content/EngineResources/WhiteSquareTexture.uexp" 165
"../../../Engine/Content/EngineMaterials/Widget3DPassThrough.uasset" 166
"../../../Engine/Content/EngineMaterials/Widget3DPassThrough.uexp" 167
"../../../Engine/Content/EngineMaterials/Widget3DPassThrough_Translucent.uasset" 168
"../../../Engine/Content/EngineMaterials/Widget3DPassThrough_Translucent.uexp" 169
"../../../Engine/Content/EngineMaterials/Widget3DPassThrough_Translucent_OneSided.uasset" 170
"../../../Engine/Content/EngineMaterials/Widget3DPassThrough_Translucent_OneSided.uexp" 171
"../../../Engine/Content/EngineMaterials/Widget3DPassThrough_Opaque.uasset" 172
"../../../Engine/Content/EngineMaterials/Widget3DPassThrough_Opaque.uexp" 173
"../../../Engine/Content/EngineMaterials/Widget3DPassThrough_Opaque_OneSided.uasset" 174
"../../../Engine/Content/EngineMaterials/Widget3DPassThrough_Opaque_OneSided.uexp" 175
"../../../Engine/Content/EngineMaterials/Widget3DPassThrough_Masked_OneSided.uasset" 176
"../../../Engine/Content/EngineMaterials/Widget3DPassThrough_Masked_OneSided.uexp" 177
"../../../Engine/Content/EngineMaterials/Widget3DPassThrough_Masked.uasset" 178
"../../../Engine/Content/EngineMaterials/Widget3DPassThrough_Masked.uexp" 179
"../../../Engine/Content/EngineMaterials/WeightMapPlaceholderTexture.uasset" 180
"../../../Engine/Content/EngineMaterials/WeightMapPlaceholderTexture.uexp" 181
"../../../Engine/Content/EngineMaterials/RemoveSurfaceMaterial.uasset" 182
"../../../Engine/Content/EngineMaterials/RemoveSurfaceMaterial.uexp" 183
"../../../Engine/Content/EngineMaterials/PreintegratedSkinBRDF.uasset" 184
"../../../Engine/Content/EngineMaterials/PreintegratedSkinBRDF.uexp" 185
"../../../Engine/Content/EngineMaterials/DefaultCalibrationGrayscale.uasset" 186
"../../../Engine/Content/EngineMaterials/DefaultCalibrationGrayscale.uexp" 187
"../../../Engine/Content/EngineMaterials/PPM_DefaultCalibrationGrayscale.uasset" 188
"../../../Engine/Content/EngineMaterials/PPM_DefaultCalibrationGrayscale.uexp" 189
"../../../Engine/Content/EngineMaterials/DefaultCalibrationColor.uasset" 190
"../../../Engine/Content/EngineMaterials/DefaultCalibrationColor.uexp" 191
"../../../Engine/Content/EngineMaterials/PPM_DefaultCalibrationColor.uasset" 192
"../../../Engine/Content/EngineMaterials/PPM_DefaultCalibrationColor.uexp" 193
"../../../Engine/Content/Functions/Engine_MaterialFunctions02/WorldPositionOffset/CameraOffset.uasset" 194
"../../../Engine/Content/Functions/Engine_MaterialFunctions02/WorldPositionOffset/CameraOffset.uexp" 195
"../../../Engine/Content/EngineMaterials/PhAT_JointLimitMaterial.uasset" 196
"../../../Engine/Content/EngineMaterials/PhAT_JointLimitMaterial.uexp" 197
"../../../Engine/Content/EngineMaterials/InvalidLightmapSettings.ubulk" 198
"../../../Engine/Content/EngineMaterials/InvalidLightmapSettings.uasset" 199
"../../../Engine/Content/EngineMaterials/InvalidLightmapSettings.uexp" 200
"../../../Engine/Content/EngineMaterials/M_InvalidLightmapSettings.uasset" 201
"../../../Engine/Content/EngineMaterials/M_InvalidLightmapSettings.uexp" 202
"../../../Engine/Content/EngineMaterials/MiniFont.uasset" 203
"../../../Engine/Content/EngineMaterials/MiniFont.uexp" 204
"../../../Engine/Content/EngineMaterials/Good64x64TilingNoiseHighFreq.uasset" 205
"../../../Engine/Content/EngineMaterials/Good64x64TilingNoiseHighFreq.uexp" 206
"../../../Engine/Content/EngineMaterials/GizmoMaterial.uasset" 207
"../../../Engine/Content/EngineMaterials/GizmoMaterial.uexp" 208
"../../../Engine/Content/EngineMaterials/BaseFlattenEmissiveMap_VT.uasset" 209
"../../../Engine/Content/EngineMaterials/BaseFlattenEmissiveMap_VT.uexp" 210
"../../../Engine/Content/EngineMaterials/BaseFlattenGrayscaleMap_VT.uasset" 211
"../../../Engine/Content/EngineMaterials/BaseFlattenGrayscaleMap_VT.uexp" 212
"../../../Engine/Content/EngineMaterials/BaseFlattenLinearColor_VT.uasset" 213
"../../../Engine/Content/EngineMaterials/BaseFlattenLinearColor_VT.uexp" 214
"../../../Engine/Content/EngineMaterials/Black_1x1_EXR_Texture_VT.uasset" 215
"../../../Engine/Content/EngineMaterials/Black_1x1_EXR_Texture_VT.uexp" 216
"../../../Engine/Content/EngineMaterials/BaseFlattenDiffuseMap_VT.uasset" 217
"../../../Engine/Content/EngineMaterials/BaseFlattenDiffuseMap_VT.uexp" 218
"../../../Engine/Content/EngineMaterials/BaseFlattenNormalMap_VT.uasset" 219
"../../../Engine/Content/EngineMaterials/BaseFlattenNormalMap_VT.uexp" 220
"../../../Engine/Content/EngineMaterials/FlattenMaterial_WS_Normal_VT.uasset" 221
"../../../Engine/Content/EngineMaterials/FlattenMaterial_WS_Normal_VT.uexp" 222
"../../../Engine/Content/EngineMaterials/FlattenMaterial_VT.uasset" 223
"../../../Engine/Content/EngineMaterials/FlattenMaterial_VT.uexp" 224
"../../../Engine/Content/EngineMaterials/BaseFlattenNormalMap.uasset" 225
"../../../Engine/Content/EngineMaterials/BaseFlattenNormalMap.uexp" 226
"../../../Engine/Content/EngineMaterials/BaseFlattenGrayscaleMap.uasset" 227
"../../../Engine/Content/EngineMaterials/BaseFlattenGrayscaleMap.uexp" 228
"../../../Engine/Content/EngineMaterials/BaseFlattenDiffuseMap.uasset" 229
"../../../Engine/Content/EngineMaterials/BaseFlattenDiffuseMap.uexp" 230
"../../../Engine/Content/Functions/Engine_MaterialFunctions02/PivotPainter2/Black_1x1_EXR_Texture.uasset" 231
"../../../Engine/Content/Functions/Engine_MaterialFunctions02/PivotPainter2/Black_1x1_EXR_Texture.uexp" 232
"../../../Engine/Content/EngineMaterials/BaseFlattenEmissiveMap.uasset" 233
"../../../Engine/Content/EngineMaterials/BaseFlattenEmissiveMap.uexp" 234
"../../../Engine/Content/EngineMaterials/BaseFlattenLinearColor.uasset" 235
"../../../Engine/Content/EngineMaterials/BaseFlattenLinearColor.uexp" 236
"../../../Engine/Content/EngineMaterials/FlattenMaterial.uasset" 237
"../../../Engine/Content/EngineMaterials/FlattenMaterial.uexp" 238
"../../../Engine/Content/EngineMaterials/DefaultWhiteGrid_Low.uasset" 239
"../../../Engine/Content/EngineMaterials/DefaultWhiteGrid_Low.uexp" 240
"../../../Engine/Content/EngineMaterials/EmissiveMeshMaterial.uasset" 241
"../../../Engine/Content/EngineMaterials/EmissiveMeshMaterial.uexp" 242
"../../../Engine/Content/EngineMaterials/DefaultWhiteGrid.ubulk" 243
"../../../Engine/Content/EngineMaterials/DefaultWhiteGrid.uasset" 244
"../../../Engine/Content/EngineMaterials/DefaultWhiteGrid.uexp" 245
"../../../Engine/Content/EngineFonts/RobotoDistanceField.uasset" 246
"../../../Engine/Content/EngineFonts/RobotoDistanceField.uexp" 247
"../../../Engine/Content/EngineMaterials/DefaultTextMaterialOpaque.uasset" 248
"../../../Engine/Content/EngineMaterials/DefaultTextMaterialOpaque.uexp" 249
"../../../Engine/Content/EngineMaterials/DefaultDiffuse.ubulk" 250
"../../../Engine/Content/EngineMaterials/DefaultDiffuse.uasset" 251
"../../../Engine/Content/EngineMaterials/DefaultDiffuse.uexp" 252
"../../../Engine/Content/Functions/Engine_MaterialFunctions02/Utility/BreakOutFloat2Components.uasset" 253
"../../../Engine/Content/Functions/Engine_MaterialFunctions02/Utility/BreakOutFloat2Components.uexp" 254
"../../../Engine/Content/EngineMaterials/DefaultPostProcessMaterial.uasset" 255
"../../../Engine/Content/EngineMaterials/DefaultPostProcessMaterial.uexp" 256
"../../../Engine/Content/EngineMaterials/DefaultPhysicalMaterial.uasset" 257
"../../../Engine/Content/EngineMaterials/DefaultPhysicalMaterial.uexp" 258
"../../../Engine/Content/EngineMaterials/DefaultLightFunctionMaterial.uasset" 259
"../../../Engine/Content/EngineMaterials/DefaultLightFunctionMaterial.uexp" 260
"../../../Engine/Content/EngineMaterials/DefaultDestructiblePhysicalMaterial.uasset" 261
"../../../Engine/Content/EngineMaterials/DefaultDestructiblePhysicalMaterial.uexp" 262
"../../../Engine/Content/EngineMaterials/DefaultDeferredDecalMaterial.uasset" 263
"../../../Engine/Content/EngineMaterials/DefaultDeferredDecalMaterial.uexp" 264
"../../../Engine/Content/EngineMaterials/DefaultBokeh.uasset" 265
"../../../Engine/Content/EngineMaterials/DefaultBokeh.uexp" 266
"../../../Engine/Content/EngineMaterials/DefaultBloomKernel.uasset" 267
"../../../Engine/Content/EngineMaterials/DefaultBloomKernel.uexp" 268
"../../../Engine/Content/EngineMaterials/BlueNoise.uasset" 269
"../../../Engine/Content/EngineMaterials/BlueNoise.uexp" 270
"../../../Engine/Content/EngineMeshes/Sphere.ubulk" 271
"../../../Engine/Content/EngineMeshes/Sphere.uasset" 272
"../../../Engine/Content/EngineMeshes/Sphere.uexp" 273
"../../../Engine/Content/EngineResources/GradientTexture0.uasset" 274
"../../../Engine/Content/EngineResources/GradientTexture0.uexp" 275
"../../../Engine/Content/EngineResources/DefaultVolumeTexture2D.uasset" 276
"../../../Engine/Content/EngineResources/DefaultVolumeTexture2D.uexp" 277
"../../../Engine/Content/EngineResources/DefaultVolumeTexture.uasset" 278
"../../../Engine/Content/EngineResources/DefaultVolumeTexture.uexp" 279
"../../../Engine/Content/EngineResources/DefaultTextureCube.uasset" 280
"../../../Engine/Content/EngineResources/DefaultTextureCube.uexp" 281
"../../../Engine/Content/EngineResources/DefaultTexture.ubulk" 282
"../../../Engine/Content/EngineResources/DefaultTexture.uasset" 283
"../../../Engine/Content/EngineResources/DefaultTexture.uexp" 284
"../../../Engine/Content/EngineResources/Black.uasset" 285
"../../../Engine/Content/EngineResources/Black.uexp" 286
"../../../Engine/Content/EngineResources/FilmGrains/Marcie_Grain_v3_128_M2_000.uasset" 287
"../../../Engine/Content/EngineResources/FilmGrains/Marcie_Grain_v3_128_M2_000.uexp" 288
"../../../Engine/Content/EngineSky/VolumetricClouds/CloudWeatherTexture.uasset" 289
"../../../Engine/Content/EngineSky/VolumetricClouds/CloudWeatherTexture.uexp" 290
"../../../Engine/Content/Functions/Engine_MaterialFunctions02/Utility/MakeFloat2.uasset" 291
"../../../Engine/Content/Functions/Engine_MaterialFunctions02/Utility/MakeFloat2.uexp" 292
"../../../Engine/Content/EngineSky/VolumetricClouds/CloudGradientTexture.uasset" 293
"../../../Engine/Content/EngineSky/VolumetricClouds/CloudGradientTexture.uexp" 294
"../../../Engine/Content/EngineSky/VolumetricClouds/T_NoiseShape64.ubulk" 295
"../../../Engine/Content/EngineSky/VolumetricClouds/T_NoiseShape64.uasset" 296
"../../../Engine/Content/EngineSky/VolumetricClouds/T_NoiseShape64.uexp" 297
"../../../Engine/Content/EngineSky/VolumetricClouds/T_VolumeNoiseShape64.uasset" 298
"../../../Engine/Content/EngineSky/VolumetricClouds/T_VolumeNoiseShape64.uexp" 299
"../../../Engine/Content/EngineSky/VolumetricClouds/T_NoiseErosion.ubulk" 300
"../../../Engine/Content/EngineSky/VolumetricClouds/T_NoiseErosion.uasset" 301
"../../../Engine/Content/EngineSky/VolumetricClouds/T_NoiseErosion.uexp" 302
"../../../Engine/Content/EngineSky/VolumetricClouds/T_VolumeNoiseErosion32.uasset" 303
"../../../Engine/Content/EngineSky/VolumetricClouds/T_VolumeNoiseErosion32.uexp" 304
"../../../Engine/Content/EngineSky/VolumetricClouds/m_SimpleVolumetricCloud.uasset" 305
"../../../Engine/Content/EngineSky/VolumetricClouds/m_SimpleVolumetricCloud.uexp" 306
"../../../Engine/Content/EngineSky/VolumetricClouds/m_SimpleVolumetricCloud_Inst.uasset" 307
"../../../Engine/Content/EngineSky/VolumetricClouds/m_SimpleVolumetricCloud_Inst.uexp" 308
"../../../Engine/Content/EngineSounds/Master.uasset" 309
"../../../Engine/Content/EngineSounds/Master.uexp" 310
"../../../Engine/Content/Functions/Engine_MaterialFunctions01/Shading/PowerToRoughness.uasset" 311
"../../../Engine/Content/Functions/Engine_MaterialFunctions01/Shading/PowerToRoughness.uexp" 312
"../../../Engine/Content/Functions/Engine_MaterialFunctions01/Shading/ConvertFromDiffSpec.uasset" 313
"../../../Engine/Content/Functions/Engine_MaterialFunctions01/Shading/ConvertFromDiffSpec.uexp" 314
"../../../Engine/Content/MobileResources/HUD/VirtualJoystick_Background.uasset" 315
"../../../Engine/Content/MobileResources/HUD/VirtualJoystick_Background.uexp" 316
"../../../Engine/Content/MobileResources/HUD/VirtualJoystick_Thumb.uasset" 317
"../../../Engine/Content/MobileResources/HUD/VirtualJoystick_Thumb.uexp" 318
"../../../Engine/Content/MobileResources/HUD/DefaultVirtualJoysticks.uasset" 319
"../../../Engine/Content/MobileResources/HUD/DefaultVirtualJoysticks.uexp" 320
"../../../Engine/Content/Tutorial/ContentIntroCurve.uasset" 321
"../../../Engine/Content/Tutorial/ContentIntroCurve.uexp" 322
"../../../Engine/Content/VREditor/TransformGizmo/Main.uasset" 323
"../../../Engine/Content/VREditor/TransformGizmo/Main.uexp" 324
"../../../Engine/Content/VREditor/TransformGizmo/Xray.uasset" 325
"../../../Engine/Content/VREditor/TransformGizmo/Xray.uexp" 326
"../../../Engine/Content/VREditor/TransformGizmo/SM_Sequencer_Node.ubulk" 327
"../../../Engine/Content/VREditor/TransformGizmo/SM_Sequencer_Node.uasset" 328
"../../../Engine/Content/VREditor/TransformGizmo/SM_Sequencer_Node.uexp" 329
"../../../Engine/Content/VREditor/LaserPointer/VR_LaserPower_01.ubulk" 330
"../../../Engine/Content/VREditor/LaserPointer/VR_LaserPower_01.uasset" 331
"../../../Engine/Content/VREditor/LaserPointer/VR_LaserPower_01.uexp" 332
"../../../Engine/Content/VREditor/TransformGizmo/TransformGizmoMaterial.uasset" 333
"../../../Engine/Content/VREditor/TransformGizmo/TransformGizmoMaterial.uexp" 334
"../../../Engine/Content/VREditor/TransformGizmo/TranslucentTransformGizmoMaterial.uasset" 335
"../../../Engine/Content/VREditor/TransformGizmo/TranslucentTransformGizmoMaterial.uexp" 336
"../../../Engine/Content/VREditor/TransformGizmo/PlaneTranslationHandle.ubulk" 337
"../../../Engine/Content/VREditor/TransformGizmo/PlaneTranslationHandle.uasset" 338
"../../../Engine/Content/VREditor/TransformGizmo/PlaneTranslationHandle.uexp" 339
"../../../Engine/Content/VREditor/TransformGizmo/BoundingBoxEdge.ubulk" 340
"../../../Engine/Content/VREditor/TransformGizmo/BoundingBoxEdge.uasset" 341
"../../../Engine/Content/VREditor/TransformGizmo/BoundingBoxEdge.uexp" 342
"../../../Engine/Content/VREditor/TransformGizmo/BoundingBoxCorner.ubulk" 343
"../../../Engine/Content/VREditor/TransformGizmo/BoundingBoxCorner.uasset" 344
"../../../Engine/Content/VREditor/TransformGizmo/BoundingBoxCorner.uexp" 345
"../../../Engine/Plugins/2D/Paper2D/Content/PlaceholderTextures/DummySpriteTexture.ubulk" 346
"../../../Engine/Plugins/2D/Paper2D/Content/PlaceholderTextures/DummySpriteTexture.uasset" 347
"../../../Engine/Plugins/2D/Paper2D/Content/PlaceholderTextures/DummySpriteTexture.uexp" 348
"../../../Engine/Plugins/2D/Paper2D/Content/DefaultSpriteMaterial.uasset" 349
"../../../Engine/Plugins/2D/Paper2D/Content/DefaultSpriteMaterial.uexp" 350
"../../../Engine/Plugins/2D/Paper2D/Content/OpaqueUnlitSpriteMaterial.uasset" 351
"../../../Engine/Plugins/2D/Paper2D/Content/OpaqueUnlitSpriteMaterial.uexp" 352
"../../../Engine/Plugins/2D/Paper2D/Content/MaskedUnlitSpriteMaterial.uasset" 353
"../../../Engine/Plugins/2D/Paper2D/Content/MaskedUnlitSpriteMaterial.uexp" 354
"../../../Engine/Plugins/2D/Paper2D/Content/DummySprite.uasset" 355
"../../../Engine/Plugins/2D/Paper2D/Content/DummySprite.uexp" 356
"../../../Engine/Plugins/2D/Paper2D/Content/DefaultPaperTerrainMaterial.uasset" 357
"../../../Engine/Plugins/2D/Paper2D/Content/DefaultPaperTerrainMaterial.uexp" 358
"../../../Engine/Plugins/Animation/ControlRig/Content/M_Manip.uasset" 359
"../../../Engine/Plugins/Animation/ControlRig/Content/M_Manip.uexp" 360
"../../../Engine/Plugins/Animation/ControlRig/Content/Controls/ControlRig_Wedge_solid.ubulk" 361
"../../../Engine/Plugins/Animation/ControlRig/Content/Controls/ControlRig_Wedge_solid.uasset" 362
"../../../Engine/Plugins/Animation/ControlRig/Content/Controls/ControlRig_Wedge_solid.uexp" 363
"../../../Engine/Plugins/Animation/ControlRig/Content/Controls/ControlRig_Wedge_3mm.ubulk" 364
"../../../Engine/Plugins/Animation/ControlRig/Content/Controls/ControlRig_Wedge_3mm.uasset" 365
"../../../Engine/Plugins/Animation/ControlRig/Content/Controls/ControlRig_Wedge_3mm.uexp" 366
"../../../Engine/Plugins/Animation/ControlRig/Content/Controls/ControlRig_Wedge_1mm.ubulk" 367
"../../../Engine/Plugins/Animation/ControlRig/Content/Controls/ControlRig_Wedge_1mm.uasset" 368
"../../../Engine/Plugins/Animation/ControlRig/Content/Controls/ControlRig_Wedge_1mm.uexp" 369
"../../../Engine/Plugins/Animation/ControlRig/Content/Controls/ControlRig_Triangle_solid.ubulk" 370
"../../../Engine/Plugins/Animation/ControlRig/Content/Controls/ControlRig_Triangle_solid.uasset" 371
"../../../Engine/Plugins/Animation/ControlRig/Content/Controls/ControlRig_Triangle_solid.uexp" 372
"../../../Engine/Plugins/Animation/ControlRig/Content/Controls/ControlRig_Triangle_3mm.ubulk" 373
"../../../Engine/Plugins/Animation/ControlRig/Content/Controls/ControlRig_Triangle_3mm.uasset" 374
"../../../Engine/Plugins/Animation/ControlRig/Content/Controls/ControlRig_Triangle_3mm.uexp" 375
"../../../Engine/Plugins/Animation/ControlRig/Content/Controls/ControlRig_Triangle_1mm.ubulk" 376
"../../../Engine/Plugins/Animation/ControlRig/Content/Controls/ControlRig_Triangle_1mm.uasset" 377
"../../../Engine/Plugins/Animation/ControlRig/Content/Controls/ControlRig_Triangle_1mm.uexp" 378
"../../../Engine/Plugins/Animation/ControlRig/Content/Controls/ControlRig_Star4_solid.ubulk" 379
"../../../Engine/Plugins/Animation/ControlRig/Content/Controls/ControlRig_Star4_solid.uasset" 380
"../../../Engine/Plugins/Animation/ControlRig/Content/Controls/ControlRig_Star4_solid.uexp" 381
"../../../Engine/Plugins/Animation/ControlRig/Content/Controls/ControlRig_Star4_3mm.ubulk" 382
"../../../Engine/Plugins/Animation/ControlRig/Content/Controls/ControlRig_Star4_3mm.uasset" 383
"../../../Engine/Plugins/Animation/ControlRig/Content/Controls/ControlRig_Star4_3mm.uexp" 384
"../../../Engine/Plugins/Animation/ControlRig/Content/Controls/ControlRig_Star4_1mm.ubulk" 385
"../../../Engine/Plugins/Animation/ControlRig/Content/Controls/ControlRig_Star4_1mm.uasset" 386
"../../../Engine/Plugins/Animation/ControlRig/Content/Controls/ControlRig_Star4_1mm.uexp" 387
"../../../Engine/Plugins/Animation/ControlRig/Content/Controls/ControlRig_Square_solid.ubulk" 388
"../../../Engine/Plugins/Animation/ControlRig/Content/Controls/ControlRig_Square_solid.uasset" 389
"../../../Engine/Plugins/Animation/ControlRig/Content/Controls/ControlRig_Square_solid.uexp" 390
"../../../Engine/Plugins/Animation/ControlRig/Content/Controls/ControlRig_Square_3mm.ubulk" 391
"../../../Engine/Plugins/Animation/ControlRig/Content/Controls/ControlRig_Square_3mm.uasset" 392
"../../../Engine/Plugins/Animation/ControlRig/Content/Controls/ControlRig_Square_3mm.uexp" 393
"../../../Engine/Plugins/Animation/ControlRig/Content/Controls/ControlRig_Square_1mm.ubulk" 394
"../../../Engine/Plugins/Animation/ControlRig/Content/Controls/ControlRig_Square_1mm.uasset" 395
"../../../Engine/Plugins/Animation/ControlRig/Content/Controls/ControlRig_Square_1mm.uexp" 396
"../../../Engine/Plugins/Animation/ControlRig/Content/Controls/ControlRig_Sphere_solid.ubulk" 397
"../../../Engine/Plugins/Animation/ControlRig/Content/Controls/ControlRig_Sphere_solid.uasset" 398
"../../../Engine/Plugins/Animation/ControlRig/Content/Controls/ControlRig_Sphere_solid.uexp" 399
"../../../Engine/Plugins/Animation/ControlRig/Content/Controls/ControlRig_Sphere_3mm.ubulk" 400
"../../../Engine/Plugins/Animation/ControlRig/Content/Controls/ControlRig_Sphere_3mm.uasset" 401
"../../../Engine/Plugins/Animation/ControlRig/Content/Controls/ControlRig_Sphere_3mm.uexp" 402
"../../../Engine/Plugins/Animation/ControlRig/Content/Controls/ControlRig_Sphere_1mm.ubulk" 403
"../../../Engine/Plugins/Animation/ControlRig/Content/Controls/ControlRig_Sphere_1mm.uasset" 404
"../../../Engine/Plugins/Animation/ControlRig/Content/Controls/ControlRig_Sphere_1mm.uexp" 405
"../../../Engine/Plugins/Animation/ControlRig/Content/Controls/ControlRig_RoundedTriangle_solid.ubulk" 406
"../../../Engine/Plugins/Animation/ControlRig/Content/Controls/ControlRig_RoundedTriangle_solid.uasset" 407
"../../../Engine/Plugins/Animation/ControlRig/Content/Controls/ControlRig_RoundedTriangle_solid.uexp" 408
"../../../Engine/Plugins/Animation/ControlRig/Content/Controls/ControlRig_RoundedTriangle_3mm.ubulk" 409
"../../../Engine/Plugins/Animation/ControlRig/Content/Controls/ControlRig_RoundedTriangle_3mm.uasset" 410
"../../../Engine/Plugins/Animation/ControlRig/Content/Controls/ControlRig_RoundedTriangle_3mm.uexp" 411
"../../../Engine/Plugins/Animation/ControlRig/Content/Controls/ControlRig_RoundedTriangle_1mm.ubulk" 412
"../../../Engine/Plugins/Animation/ControlRig/Content/Controls/ControlRig_RoundedTriangle_1mm.uasset" 413
"../../../Engine/Plugins/Animation/ControlRig/Content/Controls/ControlRig_RoundedTriangle_1mm.uexp" 414
"../../../Engine/Plugins/Animation/ControlRig/Content/Controls/ControlRig_RoundedSquare_solid.ubulk" 415
"../../../Engine/Plugins/Animation/ControlRig/Content/Controls/ControlRig_RoundedSquare_solid.uasset" 416
"../../../Engine/Plugins/Animation/ControlRig/Content/Controls/ControlRig_RoundedSquare_solid.uexp" 417
"../../../Engine/Plugins/Animation/ControlRig/Content/Controls/ControlRig_RoundedSquare_3mm.ubulk" 418
"../../../Engine/Plugins/Animation/ControlRig/Content/Controls/ControlRig_RoundedSquare_3mm.uasset" 419
"../../../Engine/Plugins/Animation/ControlRig/Content/Controls/ControlRig_RoundedSquare_3mm.uexp" 420
"../../../Engine/Plugins/Animation/ControlRig/Content/Controls/ControlRig_RoundedSquare_1mm.ubulk" 421
"../../../Engine/Plugins/Animation/ControlRig/Content/Controls/ControlRig_RoundedSquare_1mm.uasset" 422
"../../../Engine/Plugins/Animation/ControlRig/Content/Controls/ControlRig_RoundedSquare_1mm.uexp" 423
"../../../Engine/Plugins/Animation/ControlRig/Content/Controls/ControlRig_QuarterCircle_solid.ubulk" 424
"../../../Engine/Plugins/Animation/ControlRig/Content/Controls/ControlRig_QuarterCircle_solid.uasset" 425
"../../../Engine/Plugins/Animation/ControlRig/Content/Controls/ControlRig_QuarterCircle_solid.uexp" 426
"../../../Engine/Plugins/Animation/ControlRig/Content/Controls/ControlRig_QuarterCircle_3mm.ubulk" 427
"../../../Engine/Plugins/Animation/ControlRig/Content/Controls/ControlRig_QuarterCircle_3mm.uasset" 428
"../../../Engine/Plugins/Animation/ControlRig/Content/Controls/ControlRig_QuarterCircle_3mm.uexp" 429
"../../../Engine/Plugins/Animation/ControlRig/Content/Controls/ControlRig_QuarterCircle_1mm.ubulk" 430
"../../../Engine/Plugins/Animation/ControlRig/Content/Controls/ControlRig_QuarterCircle_1mm.uasset" 431
"../../../Engine/Plugins/Animation/ControlRig/Content/Controls/ControlRig_QuarterCircle_1mm.uexp" 432
"../../../Engine/Plugins/Animation/ControlRig/Content/Controls/ControlRig_Pyramid_solid.ubulk" 433
"../../../Engine/Plugins/Animation/ControlRig/Content/Controls/ControlRig_Pyramid_solid.uasset" 434
"../../../Engine/Plugins/Animation/ControlRig/Content/Controls/ControlRig_Pyramid_solid.uexp" 435
"../../../Engine/Plugins/Animation/ControlRig/Content/Controls/ControlRig_Pyramid_3mm.ubulk" 436
"../../../Engine/Plugins/Animation/ControlRig/Content/Controls/ControlRig_Pyramid_3mm.uasset" 437
"../../../Engine/Plugins/Animation/ControlRig/Content/Controls/ControlRig_Pyramid_3mm.uexp" 438
"../../../Engine/Plugins/Animation/ControlRig/Content/Controls/ControlRig_Pyramid_1mm.ubulk" 439
"../../../Engine/Plugins/Animation/ControlRig/Content/Controls/ControlRig_Pyramid_1mm.uasset" 440
"../../../Engine/Plugins/Animation/ControlRig/Content/Controls/ControlRig_Pyramid_1mm.uexp" 441
"../../../Engine/Plugins/Animation/ControlRig/Content/Controls/ControlRig_Octagon_solid.ubulk" 442
"../../../Engine/Plugins/Animation/ControlRig/Content/Controls/ControlRig_Octagon_solid.uasset" 443
"../../../Engine/Plugins/Animation/ControlRig/Content/Controls/ControlRig_Octagon_solid.uexp" 444
"../../../Engine/Plugins/Animation/ControlRig/Content/Controls/ControlRig_Octagon_3mm.ubulk" 445
"../../../Engine/Plugins/Animation/ControlRig/Content/Controls/ControlRig_Octagon_3mm.uasset" 446
"../../../Engine/Plugins/Animation/ControlRig/Content/Controls/ControlRig_Octagon_3mm.uexp" 447
"../../../Engine/Plugins/Animation/ControlRig/Content/Controls/ControlRig_Octagon_1mm.ubulk" 448
"../../../Engine/Plugins/Animation/ControlRig/Content/Controls/ControlRig_Octagon_1mm.uasset" 449
"../../../Engine/Plugins/Animation/ControlRig/Content/Controls/ControlRig_Octagon_1mm.uexp" 450
"../../../Engine/Plugins/Animation/ControlRig/Content/Controls/ControlRig_Hexagon_solid.ubulk" 451
"../../../Engine/Plugins/Animation/ControlRig/Content/Controls/ControlRig_Hexagon_solid.uasset" 452
"../../../Engine/Plugins/Animation/ControlRig/Content/Controls/ControlRig_Hexagon_solid.uexp" 453
"../../../Engine/Plugins/Animation/ControlRig/Content/Controls/ControlRig_Hexagon_3mm.ubulk" 454
"../../../Engine/Plugins/Animation/ControlRig/Content/Controls/ControlRig_Hexagon_3mm.uasset" 455
"../../../Engine/Plugins/Animation/ControlRig/Content/Controls/ControlRig_Hexagon_3mm.uexp" 456
"../../../Engine/Plugins/Animation/ControlRig/Content/Controls/ControlRig_Hexagon_1mm.ubulk" 457
"../../../Engine/Plugins/Animation/ControlRig/Content/Controls/ControlRig_Hexagon_1mm.uasset" 458
"../../../Engine/Plugins/Animation/ControlRig/Content/Controls/ControlRig_Hexagon_1mm.uexp" 459
"../../../Engine/Plugins/Animation/ControlRig/Content/Controls/ControlRig_HalfCircle_solid.ubulk" 460
"../../../Engine/Plugins/Animation/ControlRig/Content/Controls/ControlRig_HalfCircle_solid.uasset" 461
"../../../Engine/Plugins/Animation/ControlRig/Content/Controls/ControlRig_HalfCircle_solid.uexp" 462
"../../../Engine/Plugins/Animation/ControlRig/Content/Controls/ControlRig_HalfCircle_3mm.ubulk" 463
"../../../Engine/Plugins/Animation/ControlRig/Content/Controls/ControlRig_HalfCircle_3mm.uasset" 464
"../../../Engine/Plugins/Animation/ControlRig/Content/Controls/ControlRig_HalfCircle_3mm.uexp" 465
"../../../Engine/Plugins/Animation/ControlRig/Content/Controls/ControlRig_HalfCircle_1mm.ubulk" 466
"../../../Engine/Plugins/Animation/ControlRig/Content/Controls/ControlRig_HalfCircle_1mm.uasset" 467
"../../../Engine/Plugins/Animation/ControlRig/Content/Controls/ControlRig_HalfCircle_1mm.uexp" 468
"../../../Engine/Plugins/Animation/ControlRig/Content/Controls/ControlRig_Diamond_solid.ubulk" 469
"../../../Engine/Plugins/Animation/ControlRig/Content/Controls/ControlRig_Diamond_solid.uasset" 470
"../../../Engine/Plugins/Animation/ControlRig/Content/Controls/ControlRig_Diamond_solid.uexp" 471
"../../../Engine/Plugins/Animation/ControlRig/Content/Controls/ControlRig_Diamond_3mm.ubulk" 472
"../../../Engine/Plugins/Animation/ControlRig/Content/Controls/ControlRig_Diamond_3mm.uasset" 473
"../../../Engine/Plugins/Animation/ControlRig/Content/Controls/ControlRig_Diamond_3mm.uexp" 474
"../../../Engine/Plugins/Animation/ControlRig/Content/Controls/ControlRig_Diamond_1mm.ubulk" 475
"../../../Engine/Plugins/Animation/ControlRig/Content/Controls/ControlRig_Diamond_1mm.uasset" 476
"../../../Engine/Plugins/Animation/ControlRig/Content/Controls/ControlRig_Diamond_1mm.uexp" 477
"../../../Engine/Plugins/Animation/ControlRig/Content/Controls/ControlRig_Circle_solid.ubulk" 478
"../../../Engine/Plugins/Animation/ControlRig/Content/Controls/ControlRig_Circle_solid.uasset" 479
"../../../Engine/Plugins/Animation/ControlRig/Content/Controls/ControlRig_Circle_solid.uexp" 480
"../../../Engine/Plugins/Animation/ControlRig/Content/Controls/ControlRig_Circle_3mm.ubulk" 481
"../../../Engine/Plugins/Animation/ControlRig/Content/Controls/ControlRig_Circle_3mm.uasset" 482
"../../../Engine/Plugins/Animation/ControlRig/Content/Controls/ControlRig_Circle_3mm.uexp" 483
"../../../Engine/Plugins/Animation/ControlRig/Content/Controls/ControlRig_Circle_1mm.ubulk" 484
"../../../Engine/Plugins/Animation/ControlRig/Content/Controls/ControlRig_Circle_1mm.uasset" 485
"../../../Engine/Plugins/Animation/ControlRig/Content/Controls/ControlRig_Circle_1mm.uexp" 486
"../../../Engine/Plugins/Animation/ControlRig/Content/Controls/ControlRig_Box_solid.ubulk" 487
"../../../Engine/Plugins/Animation/ControlRig/Content/Controls/ControlRig_Box_solid.uasset" 488
"../../../Engine/Plugins/Animation/ControlRig/Content/Controls/ControlRig_Box_solid.uexp" 489
"../../../Engine/Plugins/Animation/ControlRig/Content/Controls/ControlRig_Box_3mm.ubulk" 490
"../../../Engine/Plugins/Animation/ControlRig/Content/Controls/ControlRig_Box_3mm.uasset" 491
"../../../Engine/Plugins/Animation/ControlRig/Content/Controls/ControlRig_Box_3mm.uexp" 492
"../../../Engine/Plugins/Animation/ControlRig/Content/Controls/ControlRig_Box_1mm.ubulk" 493
"../../../Engine/Plugins/Animation/ControlRig/Content/Controls/ControlRig_Box_1mm.uasset" 494
"../../../Engine/Plugins/Animation/ControlRig/Content/Controls/ControlRig_Box_1mm.uexp" 495
"../../../Engine/Plugins/Animation/ControlRig/Content/Controls/ControlRig_Arrow_solid.ubulk" 496
"../../../Engine/Plugins/Animation/ControlRig/Content/Controls/ControlRig_Arrow_solid.uasset" 497
"../../../Engine/Plugins/Animation/ControlRig/Content/Controls/ControlRig_Arrow_solid.uexp" 498
"../../../Engine/Plugins/Animation/ControlRig/Content/Controls/ControlRig_Arrow_3mm.ubulk" 499
"../../../Engine/Plugins/Animation/ControlRig/Content/Controls/ControlRig_Arrow_3mm.uasset" 500
"../../../Engine/Plugins/Animation/ControlRig/Content/Controls/ControlRig_Arrow_3mm.uexp" 501
"../../../Engine/Plugins/Animation/ControlRig/Content/Controls/ControlRig_Arrow_1mm.ubulk" 502
"../../../Engine/Plugins/Animation/ControlRig/Content/Controls/ControlRig_Arrow_1mm.uasset" 503
"../../../Engine/Plugins/Animation/ControlRig/Content/Controls/ControlRig_Arrow_1mm.uexp" 504
"../../../Engine/Plugins/Animation/ControlRig/Content/Controls/ControlRig_Arrow4_solid.ubulk" 505
"../../../Engine/Plugins/Animation/ControlRig/Content/Controls/ControlRig_Arrow4_solid.uasset" 506
"../../../Engine/Plugins/Animation/ControlRig/Content/Controls/ControlRig_Arrow4_solid.uexp" 507
"../../../Engine/Plugins/Animation/ControlRig/Content/Controls/ControlRig_Arrow4_3mm.ubulk" 508
"../../../Engine/Plugins/Animation/ControlRig/Content/Controls/ControlRig_Arrow4_3mm.uasset" 509
"../../../Engine/Plugins/Animation/ControlRig/Content/Controls/ControlRig_Arrow4_3mm.uexp" 510
"../../../Engine/Plugins/Animation/ControlRig/Content/Controls/ControlRig_Arrow4_1mm.ubulk" 511
"../../../Engine/Plugins/Animation/ControlRig/Content/Controls/ControlRig_Arrow4_1mm.uasset" 512
"../../../Engine/Plugins/Animation/ControlRig/Content/Controls/ControlRig_Arrow4_1mm.uexp" 513
"../../../Engine/Plugins/Animation/ControlRig/Content/Controls/ControlRig_Arrow2_solid.ubulk" 514
"../../../Engine/Plugins/Animation/ControlRig/Content/Controls/ControlRig_Arrow2_solid.uasset" 515
"../../../Engine/Plugins/Animation/ControlRig/Content/Controls/ControlRig_Arrow2_solid.uexp" 516
"../../../Engine/Plugins/Animation/ControlRig/Content/Controls/ControlRig_Arrow2_3mm.ubulk" 517
"../../../Engine/Plugins/Animation/ControlRig/Content/Controls/ControlRig_Arrow2_3mm.uasset" 518
"../../../Engine/Plugins/Animation/ControlRig/Content/Controls/ControlRig_Arrow2_3mm.uexp" 519
"../../../Engine/Plugins/Animation/ControlRig/Content/Controls/ControlRig_Arrow2_1mm.ubulk" 520
"../../../Engine/Plugins/Animation/ControlRig/Content/Controls/ControlRig_Arrow2_1mm.uasset" 521
"../../../Engine/Plugins/Animation/ControlRig/Content/Controls/ControlRig_Arrow2_1mm.uexp" 522
"../../../Engine/Plugins/Animation/ControlRig/Content/Controls/ControlRigGizmoMaterial.uasset" 523
"../../../Engine/Plugins/Animation/ControlRig/Content/Controls/ControlRigGizmoMaterial.uexp" 524
"../../../Engine/Plugins/Editor/SpeedTreeImporter/Content/SpeedTree9/game_wind_noise.ubulk" 525
"../../../Engine/Plugins/Editor/SpeedTreeImporter/Content/SpeedTree9/game_wind_noise.uasset" 526
"../../../Engine/Plugins/Editor/SpeedTreeImporter/Content/SpeedTree9/game_wind_noise.uexp" 527
"../../../Engine/Plugins/Editor/SpeedTreeImporter/Content/SpeedTree9/UnpackDirection.uasset" 528
"../../../Engine/Plugins/Editor/SpeedTreeImporter/Content/SpeedTree9/UnpackDirection.uexp" 529
"../../../Engine/Content/Functions/Engine_MaterialFunctions02/ObjectLocalBounds.uasset" 530
"../../../Engine/Content/Functions/Engine_MaterialFunctions02/ObjectLocalBounds.uexp" 531
"../../../Engine/Content/Functions/Engine_MaterialFunctions02/UVs/BoundingBoxBased_0-1_UVW.uasset" 532
"../../../Engine/Content/Functions/Engine_MaterialFunctions02/UVs/BoundingBoxBased_0-1_UVW.uexp" 533
"../../../Engine/Content/Functions/Engine_MaterialFunctions02/Utility/VectorLength.uasset" 534
"../../../Engine/Content/Functions/Engine_MaterialFunctions02/Utility/VectorLength.uexp" 535
"../../../Engine/Plugins/Editor/SpeedTreeImporter/Content/SpeedTree9/UnpackInteger3.uasset" 536
"../../../Engine/Plugins/Editor/SpeedTreeImporter/Content/SpeedTree9/UnpackInteger3.uexp" 537
"../../../Engine/Plugins/Editor/SpeedTreeImporter/Content/SpeedTree9/SpeedTreeCameraFacing.uasset" 538
"../../../Engine/Plugins/Editor/SpeedTreeImporter/Content/SpeedTree9/SpeedTreeCameraFacing.uexp" 539
"../../../Engine/Content/Functions/Engine_MaterialFunctions02/WorldPositionOffset/ObjectScale.uasset" 540
"../../../Engine/Content/Functions/Engine_MaterialFunctions02/WorldPositionOffset/ObjectScale.uexp" 541
"../../../Engine/Content/Functions/Engine_MaterialFunctions02/SafeNormalize.uasset" 542
"../../../Engine/Content/Functions/Engine_MaterialFunctions02/SafeNormalize.uexp" 543
"../../../Engine/Plugins/Editor/SpeedTreeImporter/Content/SpeedTree9/SpeedTreeWindMotion.uasset" 544
"../../../Engine/Plugins/Editor/SpeedTreeImporter/Content/SpeedTree9/SpeedTreeWindMotion.uexp" 545
"../../../Engine/Plugins/Editor/SpeedTreeImporter/Content/SpeedTree9/SpeedTreeBranchMotion.uasset" 546
"../../../Engine/Plugins/Editor/SpeedTreeImporter/Content/SpeedTree9/SpeedTreeBranchMotion.uexp" 547
"../../../Engine/Plugins/Editor/SpeedTreeImporter/Content/SpeedTree9/SpeedTreeWind.uasset" 548
"../../../Engine/Plugins/Editor/SpeedTreeImporter/Content/SpeedTree9/SpeedTreeWind.uexp" 549
"../../../Engine/Plugins/Editor/SpeedTreeImporter/Content/SpeedTree9/EmptyNormal.uasset" 550
"../../../Engine/Plugins/Editor/SpeedTreeImporter/Content/SpeedTree9/EmptyNormal.uexp" 551
"../../../Engine/Plugins/Editor/SpeedTreeImporter/Content/SpeedTree9/Empty.uasset" 552
"../../../Engine/Plugins/Editor/SpeedTreeImporter/Content/SpeedTree9/Empty.uexp" 553
"../../../Engine/Plugins/Editor/SpeedTreeImporter/Content/SpeedTree9/SpeedTreeMaster.uasset" 554
"../../../Engine/Plugins/Editor/SpeedTreeImporter/Content/SpeedTree9/SpeedTreeMaster.uexp" 555
"../../../Engine/Plugins/Editor/SpeedTreeImporter/Content/SpeedTree9/SpeedTreeBillboard.uasset" 556
"../../../Engine/Plugins/Editor/SpeedTreeImporter/Content/SpeedTree9/SpeedTreeBillboard.uexp" 557
"../../../Engine/Plugins/Editor/SpeedTreeImporter/Content/SpeedTree9/SpeedTreeBillboardMaster.uasset" 558
"../../../Engine/Plugins/Editor/SpeedTreeImporter/Content/SpeedTree9/SpeedTreeBillboardMaster.uexp" 559
"../../../Engine/Plugins/Runtime/HairStrands/Content/Materials/HairMeshesDefaultMaterial.uasset" 560
"../../../Engine/Plugins/Runtime/HairStrands/Content/Materials/HairMeshesDefaultMaterial.uexp" 561
"../../../Engine/Plugins/Runtime/HairStrands/Content/Materials/HairDefaultMaterial.uasset" 562
"../../../Engine/Plugins/Runtime/HairStrands/Content/Materials/HairDefaultMaterial.uexp" 563
"../../../Engine/Plugins/Runtime/HairStrands/Content/Materials/HairGroupColors.uasset" 564
"../../../Engine/Plugins/Runtime/HairStrands/Content/Materials/HairGroupColors.uexp" 565
"../../../Engine/Content/EngineMaterials/HairColorMap.uasset" 566
"../../../Engine/Content/EngineMaterials/HairColorMap.uexp" 567
"../../../Engine/Content/EngineMaterials/HairDebugColor.uasset" 568
"../../../Engine/Content/EngineMaterials/HairDebugColor.uexp" 569
"../../../Engine/Plugins/Runtime/HairStrands/Content/Materials/HairDebugMaterial.uasset" 570
"../../../Engine/Plugins/Runtime/HairStrands/Content/Materials/HairDebugMaterial.uexp" 571
"../../../Engine/Plugins/Runtime/HairStrands/Content/Materials/HairCardsDefaultMaterial.uasset" 572
"../../../Engine/Plugins/Runtime/HairStrands/Content/Materials/HairCardsDefaultMaterial.uexp" 573
"E:/TheFatFight/Content/LevelPrototyping/Textures/T_GridChecker_A.ubulk" 574
"E:/TheFatFight/Content/LevelPrototyping/Textures/T_GridChecker_A.uasset" 575
"E:/TheFatFight/Content/LevelPrototyping/Textures/T_GridChecker_A.uexp" 576
"../../../Engine/Content/Functions/Engine_MaterialFunctions01/Gradient/LinearGradient.uasset" 577
"../../../Engine/Content/Functions/Engine_MaterialFunctions01/Gradient/LinearGradient.uexp" 578
"../../../Engine/Content/Functions/Engine_MaterialFunctions01/ImageAdjustment/CheapContrast.uasset" 579
"../../../Engine/Content/Functions/Engine_MaterialFunctions01/ImageAdjustment/CheapContrast.uexp" 580
"E:/TheFatFight/Content/LevelPrototyping/Materials/MF_ProcGrid.uasset" 581
"E:/TheFatFight/Content/LevelPrototyping/Materials/MF_ProcGrid.uexp" 582
"E:/TheFatFight/Content/LevelPrototyping/Materials/M_PrototypeGrid.uasset" 583
"E:/TheFatFight/Content/LevelPrototyping/Materials/M_PrototypeGrid.uexp" 584
"E:/TheFatFight/Content/LevelPrototyping/Meshes/IsometricRoom.ubulk" 585
"E:/TheFatFight/Content/LevelPrototyping/Meshes/IsometricRoom.uasset" 586
"E:/TheFatFight/Content/LevelPrototyping/Meshes/IsometricRoom.uexp" 587
"E:/TheFatFight/Content/Blueprints/LightToggle.uasset" 588
"E:/TheFatFight/Content/Blueprints/LightToggle.uexp" 589
"E:/TheFatFight/Content/LevelPrototyping/Meshes/Shelf.ubulk" 590
"E:/TheFatFight/Content/LevelPrototyping/Meshes/Shelf.uasset" 591
"E:/TheFatFight/Content/LevelPrototyping/Meshes/Shelf.uexp" 592
"../../../Engine/Content/BasicShapes/Cube.ubulk" 593
"../../../Engine/Content/BasicShapes/Cube.uasset" 594
"../../../Engine/Content/BasicShapes/Cube.uexp" 595
"../../../Engine/Content/BasicShapes/BasicShapeMaterial.uasset" 596
"../../../Engine/Content/BasicShapes/BasicShapeMaterial.uexp" 597
"E:/TheFatFight/Content/Blueprints/BP_Light.uasset" 598
"E:/TheFatFight/Content/Blueprints/BP_Light.uexp" 599
"E:/TheFatFight/Content/Characters/Cat/Cat_skeleton_Skeleton.uasset" 600
"E:/TheFatFight/Content/Characters/Cat/Cat_skeleton_Skeleton.uexp" 601
"E:/TheFatFight/Content/Animations/Cat/catMove.uasset" 602
"E:/TheFatFight/Content/Animations/Cat/catMove.uexp" 603
"../../../Engine/Content/EditorBlueprintResources/StandardMacros.uasset" 604
"../../../Engine/Content/EditorBlueprintResources/StandardMacros.uexp" 605
"E:/TheFatFight/Content/Blueprints/CatInteractionFunctionLibrary.uasset" 606
"E:/TheFatFight/Content/Blueprints/CatInteractionFunctionLibrary.uexp" 607
"E:/TheFatFight/Content/LevelPrototyping/Materials/MI_PrototypeGrid_Gray.uasset" 608
"E:/TheFatFight/Content/LevelPrototyping/Materials/MI_PrototypeGrid_Gray.uexp" 609
"E:/TheFatFight/Content/LevelPrototyping/Meshes/SM_Cube.ubulk" 610
"E:/TheFatFight/Content/LevelPrototyping/Meshes/SM_Cube.uasset" 611
"E:/TheFatFight/Content/LevelPrototyping/Meshes/SM_Cube.uexp" 612
"E:/TheFatFight/Content/Enums/PickupableEnum.uasset" 613
"E:/TheFatFight/Content/Enums/PickupableEnum.uexp" 614
"E:/TheFatFight/Content/Blueprints/BP_Food.uasset" 615
"E:/TheFatFight/Content/Blueprints/BP_Food.uexp" 616
"E:/TheFatFight/Content/Blueprints/MyGameInstance.uasset" 617
"E:/TheFatFight/Content/Blueprints/MyGameInstance.uexp" 618
"E:/TheFatFight/Content/Characters/Cat/Cat_diffuse.ubulk" 619
"E:/TheFatFight/Content/Characters/Cat/Cat_diffuse.uasset" 620
"E:/TheFatFight/Content/Characters/Cat/Cat_diffuse.uexp" 621
"E:/TheFatFight/Content/Characters/Cat/Cat.uasset" 622
"E:/TheFatFight/Content/Characters/Cat/Cat.uexp" 623
"E:/TheFatFight/Content/Characters/Cat/Cat_skeleton_PhysicsAsset.uasset" 624
"E:/TheFatFight/Content/Characters/Cat/Cat_skeleton_PhysicsAsset.uexp" 625
"E:/TheFatFight/Content/Characters/Cat/Cat_skeleton.uasset" 626
"E:/TheFatFight/Content/Characters/Cat/Cat_skeleton.uexp" 627
"E:/TheFatFight/Content/Sounds/UI_sound.ubulk" 628
"E:/TheFatFight/Content/Sounds/UI_sound.uasset" 629
"E:/TheFatFight/Content/Sounds/UI_sound.uexp" 630
"E:/TheFatFight/Content/Blueprints/BP_Cat_AI.uasset" 631
"E:/TheFatFight/Content/Blueprints/BP_Cat_AI.uexp" 632
"E:/TheFatFight/Content/Characters/Mannequins/Meshes/SK_Mannequin.uasset" 633
"E:/TheFatFight/Content/Characters/Mannequins/Meshes/SK_Mannequin.uexp" 634
"E:/TheFatFight/Content/Characters/Mannequins/Textures/Quinn/T_Quinn_02ID_MSR_MSK.ubulk" 635
"E:/TheFatFight/Content/Characters/Mannequins/Textures/Quinn/T_Quinn_02ID_MSR_MSK.uasset" 636
"E:/TheFatFight/Content/Characters/Mannequins/Textures/Quinn/T_Quinn_02ID_MSR_MSK.uexp" 637
"E:/TheFatFight/Content/Characters/Mannequins/Textures/Quinn/T_Quinn_02ID_BN.ubulk" 638
"E:/TheFatFight/Content/Characters/Mannequins/Textures/Quinn/T_Quinn_02ID_BN.uasset" 639
"E:/TheFatFight/Content/Characters/Mannequins/Textures/Quinn/T_Quinn_02ID_BN.uexp" 640
"E:/TheFatFight/Content/Characters/Mannequins/Textures/Quinn/T_Quinn_02_ASAOMASK_MSK.ubulk" 641
"E:/TheFatFight/Content/Characters/Mannequins/Textures/Quinn/T_Quinn_02_ASAOMASK_MSK.uasset" 642
"E:/TheFatFight/Content/Characters/Mannequins/Textures/Quinn/T_Quinn_02_ASAOMASK_MSK.uexp" 643
"E:/TheFatFight/Content/Characters/Mannequins/Textures/Quinn/T_Quinn_02_CCRCCPlastic_MSK.ubulk" 644
"E:/TheFatFight/Content/Characters/Mannequins/Textures/Quinn/T_Quinn_02_CCRCCPlastic_MSK.uasset" 645
"E:/TheFatFight/Content/Characters/Mannequins/Textures/Quinn/T_Quinn_02_CCRCCPlastic_MSK.uexp" 646
"E:/TheFatFight/Content/Characters/Mannequins/Textures/Quinn/T_Quinn_02ID_Tan.ubulk" 647
"E:/TheFatFight/Content/Characters/Mannequins/Textures/Quinn/T_Quinn_02ID_Tan.uasset" 648
"E:/TheFatFight/Content/Characters/Mannequins/Textures/Quinn/T_Quinn_02ID_Tan.uexp" 649
"E:/TheFatFight/Content/Characters/Mannequins/Textures/Quinn/T_Quinn_02ID_D.ubulk" 650
"E:/TheFatFight/Content/Characters/Mannequins/Textures/Quinn/T_Quinn_02ID_D.uasset" 651
"E:/TheFatFight/Content/Characters/Mannequins/Textures/Quinn/T_Quinn_02ID_D.uexp" 652
"E:/TheFatFight/Content/Characters/Mannequins/Textures/Quinn/T_Quinn_01ID_MSR_MSK.ubulk" 653
"E:/TheFatFight/Content/Characters/Mannequins/Textures/Quinn/T_Quinn_01ID_MSR_MSK.uasset" 654
"E:/TheFatFight/Content/Characters/Mannequins/Textures/Quinn/T_Quinn_01ID_MSR_MSK.uexp" 655
"E:/TheFatFight/Content/Characters/Mannequins/Materials/Functions/ChromaticCurve.uasset" 656
"E:/TheFatFight/Content/Characters/Mannequins/Materials/Functions/ChromaticCurve.uexp" 657
"E:/TheFatFight/Content/Characters/Mannequins/Materials/Functions/CA_Mannequin.uasset" 658
"E:/TheFatFight/Content/Characters/Mannequins/Materials/Functions/CA_Mannequin.uexp" 659
"E:/TheFatFight/Content/Characters/Mannequins/Materials/Functions/MF_Diffraction.uasset" 660
"E:/TheFatFight/Content/Characters/Mannequins/Materials/Functions/MF_Diffraction.uexp" 661
"E:/TheFatFight/Content/Characters/Mannequins/Textures/Manny/T_Manny_01_N.ubulk" 662
"E:/TheFatFight/Content/Characters/Mannequins/Textures/Manny/T_Manny_01_N.uasset" 663
"E:/TheFatFight/Content/Characters/Mannequins/Textures/Manny/T_Manny_01_N.uexp" 664
"E:/TheFatFight/Content/Characters/Mannequins/Materials/Functions/ML_BaseColorFallOff.uasset" 665
"E:/TheFatFight/Content/Characters/Mannequins/Materials/Functions/ML_BaseColorFallOff.uexp" 666
"../../../Engine/Content/Functions/Engine_MaterialFunctions01/Texturing/ScaleUVsByCenter.uasset" 667
"../../../Engine/Content/Functions/Engine_MaterialFunctions01/Texturing/ScaleUVsByCenter.uexp" 668
"E:/TheFatFight/Content/Characters/Mannequins/Textures/Shared/T_UE_Logo_M.uasset" 669
"E:/TheFatFight/Content/Characters/Mannequins/Textures/Shared/T_UE_Logo_M.uexp" 670
"E:/TheFatFight/Content/Characters/Mannequins/Materials/Functions/MF_logo3layers.uasset" 671
"E:/TheFatFight/Content/Characters/Mannequins/Materials/Functions/MF_logo3layers.uexp" 672
"E:/TheFatFight/Content/Characters/Mannequins/Textures/Manny/T_Manny_01_CCRCCPlastic_MSK.ubulk" 673
"E:/TheFatFight/Content/Characters/Mannequins/Textures/Manny/T_Manny_01_CCRCCPlastic_MSK.uasset" 674
"E:/TheFatFight/Content/Characters/Mannequins/Textures/Manny/T_Manny_01_CCRCCPlastic_MSK.uexp" 675
"E:/TheFatFight/Content/Characters/Mannequins/Textures/Manny/T_Manny_01_ASAOPMASK_MSK.ubulk" 676
"E:/TheFatFight/Content/Characters/Mannequins/Textures/Manny/T_Manny_01_ASAOPMASK_MSK.uasset" 677
"E:/TheFatFight/Content/Characters/Mannequins/Textures/Manny/T_Manny_01_ASAOPMASK_MSK.uexp" 678
"E:/TheFatFight/Content/Characters/Mannequins/Textures/Manny/T_Manny_01_MSR_MSK.ubulk" 679
"E:/TheFatFight/Content/Characters/Mannequins/Textures/Manny/T_Manny_01_MSR_MSK.uasset" 680
"E:/TheFatFight/Content/Characters/Mannequins/Textures/Manny/T_Manny_01_MSR_MSK.uexp" 681
"E:/TheFatFight/Content/Characters/Mannequins/Textures/Manny/T_Manny_01_BN.ubulk" 682
"E:/TheFatFight/Content/Characters/Mannequins/Textures/Manny/T_Manny_01_BN.uasset" 683
"E:/TheFatFight/Content/Characters/Mannequins/Textures/Manny/T_Manny_01_BN.uexp" 684
"E:/TheFatFight/Content/Characters/Mannequins/Textures/Manny/T_Manny_01_D.ubulk" 685
"E:/TheFatFight/Content/Characters/Mannequins/Textures/Manny/T_Manny_01_D.uasset" 686
"E:/TheFatFight/Content/Characters/Mannequins/Textures/Manny/T_Manny_01_D.uexp" 687
"E:/TheFatFight/Content/Characters/Mannequins/Textures/Manny/T_Manny_01_Tan.ubulk" 688
"E:/TheFatFight/Content/Characters/Mannequins/Textures/Manny/T_Manny_01_Tan.uasset" 689
"E:/TheFatFight/Content/Characters/Mannequins/Textures/Manny/T_Manny_01_Tan.uexp" 690
"E:/TheFatFight/Content/Characters/Mannequins/Materials/M_Mannequin.uasset" 691
"E:/TheFatFight/Content/Characters/Mannequins/Materials/M_Mannequin.uexp" 692
"E:/TheFatFight/Content/Characters/Mannequins/Textures/Quinn/T_Quinn_01_ASAOMASK_MSK.ubulk" 693
"E:/TheFatFight/Content/Characters/Mannequins/Textures/Quinn/T_Quinn_01_ASAOMASK_MSK.uasset" 694
"E:/TheFatFight/Content/Characters/Mannequins/Textures/Quinn/T_Quinn_01_ASAOMASK_MSK.uexp" 695
"E:/TheFatFight/Content/Characters/Mannequins/Textures/Quinn/T_Quinn_01ID_N.ubulk" 696
"E:/TheFatFight/Content/Characters/Mannequins/Textures/Quinn/T_Quinn_01ID_N.uasset" 697
"E:/TheFatFight/Content/Characters/Mannequins/Textures/Quinn/T_Quinn_01ID_N.uexp" 698
"E:/TheFatFight/Content/Characters/Mannequins/Textures/Quinn/T_Quinn_01ID_BN.ubulk" 699
"E:/TheFatFight/Content/Characters/Mannequins/Textures/Quinn/T_Quinn_01ID_BN.uasset" 700
"E:/TheFatFight/Content/Characters/Mannequins/Textures/Quinn/T_Quinn_01ID_BN.uexp" 701
"E:/TheFatFight/Content/Characters/Mannequins/Textures/Quinn/T_Quinn_01ID_D.ubulk" 702
"E:/TheFatFight/Content/Characters/Mannequins/Textures/Quinn/T_Quinn_01ID_D.uasset" 703
"E:/TheFatFight/Content/Characters/Mannequins/Textures/Quinn/T_Quinn_01ID_D.uexp" 704
"E:/TheFatFight/Content/Characters/Mannequins/Textures/Quinn/T_Quinn_01ID_Tan.ubulk" 705
"E:/TheFatFight/Content/Characters/Mannequins/Textures/Quinn/T_Quinn_01ID_Tan.uasset" 706
"E:/TheFatFight/Content/Characters/Mannequins/Textures/Quinn/T_Quinn_01ID_Tan.uexp" 707
"E:/TheFatFight/Content/Characters/Mannequins/Textures/Quinn/T_Quinn_01_CCRCCPlastic_MSK.ubulk" 708
"E:/TheFatFight/Content/Characters/Mannequins/Textures/Quinn/T_Quinn_01_CCRCCPlastic_MSK.uasset" 709
"E:/TheFatFight/Content/Characters/Mannequins/Textures/Quinn/T_Quinn_01_CCRCCPlastic_MSK.uexp" 710
"E:/TheFatFight/Content/Characters/Mannequins/Materials/Instances/Quinn/MI_Quinn_01.uasset" 711
"E:/TheFatFight/Content/Characters/Mannequins/Materials/Instances/Quinn/MI_Quinn_01.uexp" 712
"E:/TheFatFight/Content/Characters/Mannequins/Textures/Quinn/T_Quinn_02ID_N.ubulk" 713
"E:/TheFatFight/Content/Characters/Mannequins/Textures/Quinn/T_Quinn_02ID_N.uasset" 714
"E:/TheFatFight/Content/Characters/Mannequins/Textures/Quinn/T_Quinn_02ID_N.uexp" 715
"E:/TheFatFight/Content/Characters/Mannequins/Materials/Instances/Quinn/MI_Quinn_02.uasset" 716
"E:/TheFatFight/Content/Characters/Mannequins/Materials/Instances/Quinn/MI_Quinn_02.uexp" 717
"E:/TheFatFight/Content/Characters/Mannequins/Rigs/PA_Mannequin.uasset" 718
"E:/TheFatFight/Content/Characters/Mannequins/Rigs/PA_Mannequin.uexp" 719
"E:/TheFatFight/Content/Characters/Mannequins/Meshes/SKM_Quinn_Simple.uasset" 720
"E:/TheFatFight/Content/Characters/Mannequins/Meshes/SKM_Quinn_Simple.uexp" 721
"../../../Engine/Content/Animation/DefaultAnimCurveCompressionSettings.uasset" 722
"../../../Engine/Content/Animation/DefaultAnimCurveCompressionSettings.uexp" 723
"../../../Engine/Content/Animation/DefaultAnimBoneCompressionSettings.uasset" 724
"../../../Engine/Content/Animation/DefaultAnimBoneCompressionSettings.uexp" 725
"E:/TheFatFight/Content/Characters/Mannequins/Animations/Quinn/MF_Run_Fwd.uasset" 726
"E:/TheFatFight/Content/Characters/Mannequins/Animations/Quinn/MF_Run_Fwd.uexp" 727
"E:/TheFatFight/Content/Characters/Mannequins/Animations/Quinn/MF_Walk_Fwd.uasset" 728
"E:/TheFatFight/Content/Characters/Mannequins/Animations/Quinn/MF_Walk_Fwd.uexp" 729
"../../../Engine/Content/Animation/DefaultRecorderBoneCompression.uasset" 730
"../../../Engine/Content/Animation/DefaultRecorderBoneCompression.uexp" 731
"E:/TheFatFight/Content/Characters/Mannequins/Animations/Manny/MM_Walk_InPlace.uasset" 732
"E:/TheFatFight/Content/Characters/Mannequins/Animations/Manny/MM_Walk_InPlace.uexp" 733
"E:/TheFatFight/Content/Characters/Mannequins/Animations/Quinn/BS_MF_Unarmed_WalkRun.uasset" 734
"E:/TheFatFight/Content/Characters/Mannequins/Animations/Quinn/BS_MF_Unarmed_WalkRun.uexp" 735
"E:/TheFatFight/Content/Characters/Mannequins/Animations/Quinn/MF_Idle.uasset" 736
"E:/TheFatFight/Content/Characters/Mannequins/Animations/Quinn/MF_Idle.uexp" 737
"E:/TheFatFight/Content/Characters/Mannequins/Animations/Manny/MM_Fall_Loop.uasset" 738
"E:/TheFatFight/Content/Characters/Mannequins/Animations/Manny/MM_Fall_Loop.uexp" 739
"E:/TheFatFight/Content/Characters/Mannequins/Animations/Manny/MM_Jump.uasset" 740
"E:/TheFatFight/Content/Characters/Mannequins/Animations/Manny/MM_Jump.uexp" 741
"../../../Engine/Plugins/Animation/ControlRig/Content/Controls/DefaultGizmoLibrary.uasset" 742
"../../../Engine/Plugins/Animation/ControlRig/Content/Controls/DefaultGizmoLibrary.uexp" 743
"E:/TheFatFight/Content/Characters/Mannequins/Rigs/CR_Mannequin_BasicFootIK.uasset" 744
"E:/TheFatFight/Content/Characters/Mannequins/Rigs/CR_Mannequin_BasicFootIK.uexp" 745
"E:/TheFatFight/Content/Characters/Mannequins/Animations/Manny/MM_Run_Fwd.uasset" 746
"E:/TheFatFight/Content/Characters/Mannequins/Animations/Manny/MM_Run_Fwd.uexp" 747
"E:/TheFatFight/Content/Characters/Mannequins/Animations/Manny/MM_Walk_Fwd.uasset" 748
"E:/TheFatFight/Content/Characters/Mannequins/Animations/Manny/MM_Walk_Fwd.uexp" 749
"E:/TheFatFight/Content/Characters/Mannequins/Animations/Manny/BS_MM_WalkRun.uasset" 750
"E:/TheFatFight/Content/Characters/Mannequins/Animations/Manny/BS_MM_WalkRun.uexp" 751
"E:/TheFatFight/Content/Characters/Mannequins/Animations/Manny/MM_Land.uasset" 752
"E:/TheFatFight/Content/Characters/Mannequins/Animations/Manny/MM_Land.uexp" 753
"E:/TheFatFight/Content/Characters/Mannequins/Animations/Manny/MM_Idle.uasset" 754
"E:/TheFatFight/Content/Characters/Mannequins/Animations/Manny/MM_Idle.uexp" 755
"E:/TheFatFight/Content/Characters/Mannequins/Animations/ABP_Manny.uasset" 756
"E:/TheFatFight/Content/Characters/Mannequins/Animations/ABP_Manny.uexp" 757
"E:/TheFatFight/Content/Characters/Mannequins/Animations/ABP_Quinn.uasset" 758
"E:/TheFatFight/Content/Characters/Mannequins/Animations/ABP_Quinn.uexp" 759
"E:/TheFatFight/Content/ThirdPerson/Blueprints/BP_ThirdPersonCharacter.uasset" 760
"E:/TheFatFight/Content/ThirdPerson/Blueprints/BP_ThirdPersonCharacter.uexp" 761
"E:/TheFatFight/Content/Characters/Cat/Cat_bump.ubulk" 762
"E:/TheFatFight/Content/Characters/Cat/Cat_bump.uasset" 763
"E:/TheFatFight/Content/Characters/Cat/Cat_bump.uexp" 764
"E:/TheFatFight/Content/Characters/Cat/12221_Cat_v1_l3.ubulk" 765
"E:/TheFatFight/Content/Characters/Cat/12221_Cat_v1_l3.uasset" 766
"E:/TheFatFight/Content/Characters/Cat/12221_Cat_v1_l3.uexp" 767
"E:/TheFatFight/Content/Characters/Mannequins/Rigs/Poses/Quinn/Quinn_foot_l_anim.uasset" 768
"E:/TheFatFight/Content/Characters/Mannequins/Rigs/Poses/Quinn/Quinn_foot_l_anim.uexp" 769
"E:/TheFatFight/Content/Characters/Mannequins/Rigs/Poses/Quinn/Quinn_foot_l_pose.uasset" 770
"E:/TheFatFight/Content/Characters/Mannequins/Rigs/Poses/Quinn/Quinn_foot_l_pose.uexp" 771
"E:/TheFatFight/Content/Characters/Mannequins/Rigs/Poses/Quinn/Quinn_clavicle_l_anim.uasset" 772
"E:/TheFatFight/Content/Characters/Mannequins/Rigs/Poses/Quinn/Quinn_clavicle_l_anim.uexp" 773
"E:/TheFatFight/Content/Characters/Mannequins/Rigs/Poses/Quinn/Quinn_clavicle_l_pose.uasset" 774
"E:/TheFatFight/Content/Characters/Mannequins/Rigs/Poses/Quinn/Quinn_clavicle_l_pose.uexp" 775
"E:/TheFatFight/Content/Characters/Mannequins/Rigs/Poses/Quinn/Quinn_clavicle_r_anim.uasset" 776
"E:/TheFatFight/Content/Characters/Mannequins/Rigs/Poses/Quinn/Quinn_clavicle_r_anim.uexp" 777
"E:/TheFatFight/Content/Characters/Mannequins/Rigs/Poses/Quinn/Quinn_clavicle_r_pose.uasset" 778
"E:/TheFatFight/Content/Characters/Mannequins/Rigs/Poses/Quinn/Quinn_clavicle_r_pose.uexp" 779
"E:/TheFatFight/Content/Characters/Mannequins/Rigs/Poses/Quinn/Quinn_upperarm_l_anim.uasset" 780
"E:/TheFatFight/Content/Characters/Mannequins/Rigs/Poses/Quinn/Quinn_upperarm_l_anim.uexp" 781
"E:/TheFatFight/Content/Characters/Mannequins/Rigs/Poses/Quinn/Quinn_upperarm_l_pose.uasset" 782
"E:/TheFatFight/Content/Characters/Mannequins/Rigs/Poses/Quinn/Quinn_upperarm_l_pose.uexp" 783
"E:/TheFatFight/Content/Characters/Mannequins/Rigs/Poses/Quinn/Quinn_lowerarm_l_anim.uasset" 784
"E:/TheFatFight/Content/Characters/Mannequins/Rigs/Poses/Quinn/Quinn_lowerarm_l_anim.uexp" 785
"E:/TheFatFight/Content/Characters/Mannequins/Rigs/Poses/Quinn/Quinn_lowerarm_l_pose.uasset" 786
"E:/TheFatFight/Content/Characters/Mannequins/Rigs/Poses/Quinn/Quinn_lowerarm_l_pose.uexp" 787
"E:/TheFatFight/Content/Characters/Mannequins/Rigs/Poses/Quinn/Quinn_calf_l_anim.uasset" 788
"E:/TheFatFight/Content/Characters/Mannequins/Rigs/Poses/Quinn/Quinn_calf_l_anim.uexp" 789
"E:/TheFatFight/Content/Characters/Mannequins/Rigs/Poses/Quinn/Quinn_calf_l_pose.uasset" 790
"E:/TheFatFight/Content/Characters/Mannequins/Rigs/Poses/Quinn/Quinn_calf_l_pose.uexp" 791
"E:/TheFatFight/Content/Characters/Mannequins/Rigs/CR_Mannequin_Procedural.uasset" 792
"E:/TheFatFight/Content/Characters/Mannequins/Rigs/CR_Mannequin_Procedural.uexp" 793
"E:/TheFatFight/Content/Characters/Mannequins/Rigs/Poses/Quinn/Quinn_upperarm_r_anim.uasset" 794
"E:/TheFatFight/Content/Characters/Mannequins/Rigs/Poses/Quinn/Quinn_upperarm_r_anim.uexp" 795
"E:/TheFatFight/Content/Characters/Mannequins/Rigs/Poses/Quinn/Quinn_upperarm_r_pose.uasset" 796
"E:/TheFatFight/Content/Characters/Mannequins/Rigs/Poses/Quinn/Quinn_upperarm_r_pose.uexp" 797
"E:/TheFatFight/Content/Characters/Mannequins/Rigs/Poses/Quinn/Quinn_calf_r_anim.uasset" 798
"E:/TheFatFight/Content/Characters/Mannequins/Rigs/Poses/Quinn/Quinn_calf_r_anim.uexp" 799
"E:/TheFatFight/Content/Characters/Mannequins/Rigs/Poses/Quinn/Quinn_calf_r_pose.uasset" 800
"E:/TheFatFight/Content/Characters/Mannequins/Rigs/Poses/Quinn/Quinn_calf_r_pose.uexp" 801
"E:/TheFatFight/Content/Characters/Mannequins/Rigs/Poses/Quinn/Quinn_foot_r_anim.uasset" 802
"E:/TheFatFight/Content/Characters/Mannequins/Rigs/Poses/Quinn/Quinn_foot_r_anim.uexp" 803
"E:/TheFatFight/Content/Characters/Mannequins/Rigs/Poses/Quinn/Quinn_foot_r_pose.uasset" 804
"E:/TheFatFight/Content/Characters/Mannequins/Rigs/Poses/Quinn/Quinn_foot_r_pose.uexp" 805
"E:/TheFatFight/Content/Characters/Mannequins/Rigs/Poses/Quinn/Quinn_lowerarm_r_anim.uasset" 806
"E:/TheFatFight/Content/Characters/Mannequins/Rigs/Poses/Quinn/Quinn_lowerarm_r_anim.uexp" 807
"E:/TheFatFight/Content/Characters/Mannequins/Rigs/Poses/Quinn/Quinn_lowerarm_r_pose.uasset" 808
"E:/TheFatFight/Content/Characters/Mannequins/Rigs/Poses/Quinn/Quinn_lowerarm_r_pose.uexp" 809
"E:/TheFatFight/Content/Characters/Mannequins/Rigs/Poses/Quinn/Quinn_thigh_l_anim.uasset" 810
"E:/TheFatFight/Content/Characters/Mannequins/Rigs/Poses/Quinn/Quinn_thigh_l_anim.uexp" 811
"E:/TheFatFight/Content/Characters/Mannequins/Rigs/Poses/Quinn/Quinn_thigh_l_pose.uasset" 812
"E:/TheFatFight/Content/Characters/Mannequins/Rigs/Poses/Quinn/Quinn_thigh_l_pose.uexp" 813
"E:/TheFatFight/Content/Characters/Mannequins/Rigs/Poses/Quinn/Quinn_thigh_r_anim.uasset" 814
"E:/TheFatFight/Content/Characters/Mannequins/Rigs/Poses/Quinn/Quinn_thigh_r_anim.uexp" 815
"E:/TheFatFight/Content/Characters/Mannequins/Rigs/Poses/Quinn/Quinn_thigh_r_pose.uasset" 816
"E:/TheFatFight/Content/Characters/Mannequins/Rigs/Poses/Quinn/Quinn_thigh_r_pose.uexp" 817
"E:/TheFatFight/Content/Characters/Mannequins/Rigs/Poses/Quinn/Quinn_hand_l_anim.uasset" 818
"E:/TheFatFight/Content/Characters/Mannequins/Rigs/Poses/Quinn/Quinn_hand_l_anim.uexp" 819
"E:/TheFatFight/Content/Characters/Mannequins/Rigs/Poses/Quinn/Quinn_hand_l_pose.uasset" 820
"E:/TheFatFight/Content/Characters/Mannequins/Rigs/Poses/Quinn/Quinn_hand_l_pose.uexp" 821
"E:/TheFatFight/Content/Characters/Mannequins/Rigs/Poses/Quinn/Quinn_hand_r_anim.uasset" 822
"E:/TheFatFight/Content/Characters/Mannequins/Rigs/Poses/Quinn/Quinn_hand_r_anim.uexp" 823
"E:/TheFatFight/Content/Characters/Mannequins/Rigs/Poses/Quinn/Quinn_hand_r_pose.uasset" 824
"E:/TheFatFight/Content/Characters/Mannequins/Rigs/Poses/Quinn/Quinn_hand_r_pose.uexp" 825
"E:/TheFatFight/Content/Characters/Mannequins/Rigs/ABP_Quinn_PostProcess.uasset" 826
"E:/TheFatFight/Content/Characters/Mannequins/Rigs/ABP_Quinn_PostProcess.uexp" 827
"E:/TheFatFight/Content/Characters/Mannequins/Meshes/SKM_Quinn.uasset" 828
"E:/TheFatFight/Content/Characters/Mannequins/Meshes/SKM_Quinn.uexp" 829
"E:/TheFatFight/Content/Characters/Mannequins/Textures/Manny/T_Manny_02_MSR_MSK.ubulk" 830
"E:/TheFatFight/Content/Characters/Mannequins/Textures/Manny/T_Manny_02_MSR_MSK.uasset" 831
"E:/TheFatFight/Content/Characters/Mannequins/Textures/Manny/T_Manny_02_MSR_MSK.uexp" 832
"E:/TheFatFight/Content/Characters/Mannequins/Textures/Manny/T_Manny_02_CCRCCPlastic_MSK.ubulk" 833
"E:/TheFatFight/Content/Characters/Mannequins/Textures/Manny/T_Manny_02_CCRCCPlastic_MSK.uasset" 834
"E:/TheFatFight/Content/Characters/Mannequins/Textures/Manny/T_Manny_02_CCRCCPlastic_MSK.uexp" 835
"E:/TheFatFight/Content/Characters/Mannequins/Textures/Manny/T_Manny_02_Tan.ubulk" 836
"E:/TheFatFight/Content/Characters/Mannequins/Textures/Manny/T_Manny_02_Tan.uasset" 837
"E:/TheFatFight/Content/Characters/Mannequins/Textures/Manny/T_Manny_02_Tan.uexp" 838
"E:/TheFatFight/Content/Characters/Mannequins/Textures/Manny/T_Manny_02_N.ubulk" 839
"E:/TheFatFight/Content/Characters/Mannequins/Textures/Manny/T_Manny_02_N.uasset" 840
"E:/TheFatFight/Content/Characters/Mannequins/Textures/Manny/T_Manny_02_N.uexp" 841
"E:/TheFatFight/Content/Characters/Mannequins/Materials/Instances/Manny/MI_Manny_01.uasset" 842
"E:/TheFatFight/Content/Characters/Mannequins/Materials/Instances/Manny/MI_Manny_01.uexp" 843
"E:/TheFatFight/Content/Characters/Mannequins/Textures/Manny/T_Manny_02_BN.ubulk" 844
"E:/TheFatFight/Content/Characters/Mannequins/Textures/Manny/T_Manny_02_BN.uasset" 845
"E:/TheFatFight/Content/Characters/Mannequins/Textures/Manny/T_Manny_02_BN.uexp" 846
"E:/TheFatFight/Content/Characters/Mannequins/Textures/Manny/T_Manny_02_ASAOPMASK_MSK.ubulk" 847
"E:/TheFatFight/Content/Characters/Mannequins/Textures/Manny/T_Manny_02_ASAOPMASK_MSK.uasset" 848
"E:/TheFatFight/Content/Characters/Mannequins/Textures/Manny/T_Manny_02_ASAOPMASK_MSK.uexp" 849
"E:/TheFatFight/Content/Characters/Mannequins/Textures/Manny/T_Manny_02_D.ubulk" 850
"E:/TheFatFight/Content/Characters/Mannequins/Textures/Manny/T_Manny_02_D.uasset" 851
"E:/TheFatFight/Content/Characters/Mannequins/Textures/Manny/T_Manny_02_D.uexp" 852
"E:/TheFatFight/Content/Characters/Mannequins/Materials/Instances/Manny/MI_Manny_02.uasset" 853
"E:/TheFatFight/Content/Characters/Mannequins/Materials/Instances/Manny/MI_Manny_02.uexp" 854
"E:/TheFatFight/Content/Characters/Mannequins/Meshes/SKM_Manny_Simple.uasset" 855
"E:/TheFatFight/Content/Characters/Mannequins/Meshes/SKM_Manny_Simple.uexp" 856
"E:/TheFatFight/Content/Characters/Mannequins/Meshes/Mannequin_LODSettings.uasset" 857
"E:/TheFatFight/Content/Characters/Mannequins/Meshes/Mannequin_LODSettings.uexp" 858
"E:/TheFatFight/Content/Characters/Mannequins/Rigs/Poses/Manny/Manny_foot_l_anim.uasset" 859
"E:/TheFatFight/Content/Characters/Mannequins/Rigs/Poses/Manny/Manny_foot_l_anim.uexp" 860
"E:/TheFatFight/Content/Characters/Mannequins/Rigs/Poses/Manny/Manny_foot_l_pose.uasset" 861
"E:/TheFatFight/Content/Characters/Mannequins/Rigs/Poses/Manny/Manny_foot_l_pose.uexp" 862
"E:/TheFatFight/Content/Characters/Mannequins/Rigs/Poses/Manny/Manny_thigh_r_anim.uasset" 863
"E:/TheFatFight/Content/Characters/Mannequins/Rigs/Poses/Manny/Manny_thigh_r_anim.uexp" 864
"E:/TheFatFight/Content/Characters/Mannequins/Rigs/Poses/Manny/Manny_thigh_r_pose.uasset" 865
"E:/TheFatFight/Content/Characters/Mannequins/Rigs/Poses/Manny/Manny_thigh_r_pose.uexp" 866
"E:/TheFatFight/Content/Characters/Mannequins/Rigs/Poses/Manny/Manny_hand_r_anim.uasset" 867
"E:/TheFatFight/Content/Characters/Mannequins/Rigs/Poses/Manny/Manny_hand_r_anim.uexp" 868
"E:/TheFatFight/Content/Characters/Mannequins/Rigs/Poses/Manny/Manny_hand_r_pose.uasset" 869
"E:/TheFatFight/Content/Characters/Mannequins/Rigs/Poses/Manny/Manny_hand_r_pose.uexp" 870
"E:/TheFatFight/Content/Characters/Mannequins/Rigs/Poses/Manny/Manny_clavicle_l_anim.uasset" 871
"E:/TheFatFight/Content/Characters/Mannequins/Rigs/Poses/Manny/Manny_clavicle_l_anim.uexp" 872
"E:/TheFatFight/Content/Characters/Mannequins/Rigs/Poses/Manny/Manny_clavicle_l_pose.uasset" 873
"E:/TheFatFight/Content/Characters/Mannequins/Rigs/Poses/Manny/Manny_clavicle_l_pose.uexp" 874
"E:/TheFatFight/Content/Characters/Mannequins/Rigs/Poses/Manny/Manny_calf_l_anim.uasset" 875
"E:/TheFatFight/Content/Characters/Mannequins/Rigs/Poses/Manny/Manny_calf_l_anim.uexp" 876
"E:/TheFatFight/Content/Characters/Mannequins/Rigs/Poses/Manny/Manny_calf_l_pose.uasset" 877
"E:/TheFatFight/Content/Characters/Mannequins/Rigs/Poses/Manny/Manny_calf_l_pose.uexp" 878
"E:/TheFatFight/Content/Characters/Mannequins/Rigs/Poses/Manny/Manny_hand_l_anim.uasset" 879
"E:/TheFatFight/Content/Characters/Mannequins/Rigs/Poses/Manny/Manny_hand_l_anim.uexp" 880
"E:/TheFatFight/Content/Characters/Mannequins/Rigs/Poses/Manny/Manny_hand_l_pose.uasset" 881
"E:/TheFatFight/Content/Characters/Mannequins/Rigs/Poses/Manny/Manny_hand_l_pose.uexp" 882
"E:/TheFatFight/Content/Characters/Mannequins/Rigs/Poses/Manny/Manny_upperarm_r_anim.uasset" 883
"E:/TheFatFight/Content/Characters/Mannequins/Rigs/Poses/Manny/Manny_upperarm_r_anim.uexp" 884
"E:/TheFatFight/Content/Characters/Mannequins/Rigs/Poses/Manny/Manny_upperarm_r_pose.uasset" 885
"E:/TheFatFight/Content/Characters/Mannequins/Rigs/Poses/Manny/Manny_upperarm_r_pose.uexp" 886
"E:/TheFatFight/Content/Characters/Mannequins/Rigs/Poses/Manny/Manny_lowerarm_r_anim.uasset" 887
"E:/TheFatFight/Content/Characters/Mannequins/Rigs/Poses/Manny/Manny_lowerarm_r_anim.uexp" 888
"E:/TheFatFight/Content/Characters/Mannequins/Rigs/Poses/Manny/Manny_lowerarm_r_pose.uasset" 889
"E:/TheFatFight/Content/Characters/Mannequins/Rigs/Poses/Manny/Manny_lowerarm_r_pose.uexp" 890
"E:/TheFatFight/Content/Characters/Mannequins/Rigs/Poses/Manny/Manny_calf_r_anim.uasset" 891
"E:/TheFatFight/Content/Characters/Mannequins/Rigs/Poses/Manny/Manny_calf_r_anim.uexp" 892
"E:/TheFatFight/Content/Characters/Mannequins/Rigs/Poses/Manny/Manny_calf_r_pose.uasset" 893
"E:/TheFatFight/Content/Characters/Mannequins/Rigs/Poses/Manny/Manny_calf_r_pose.uexp" 894
"E:/TheFatFight/Content/Characters/Mannequins/Rigs/Poses/Manny/Manny_foot_r_anim.uasset" 895
"E:/TheFatFight/Content/Characters/Mannequins/Rigs/Poses/Manny/Manny_foot_r_anim.uexp" 896
"E:/TheFatFight/Content/Characters/Mannequins/Rigs/Poses/Manny/Manny_foot_r_pose.uasset" 897
"E:/TheFatFight/Content/Characters/Mannequins/Rigs/Poses/Manny/Manny_foot_r_pose.uexp" 898
"E:/TheFatFight/Content/Characters/Mannequins/Rigs/Poses/Manny/Manny_lowerarm_l_anim.uasset" 899
"E:/TheFatFight/Content/Characters/Mannequins/Rigs/Poses/Manny/Manny_lowerarm_l_anim.uexp" 900
"E:/TheFatFight/Content/Characters/Mannequins/Rigs/Poses/Manny/Manny_lowerarm_l_pose.uasset" 901
"E:/TheFatFight/Content/Characters/Mannequins/Rigs/Poses/Manny/Manny_lowerarm_l_pose.uexp" 902
"E:/TheFatFight/Content/Characters/Mannequins/Rigs/Poses/Manny/Manny_clavicle_r_anim.uasset" 903
"E:/TheFatFight/Content/Characters/Mannequins/Rigs/Poses/Manny/Manny_clavicle_r_anim.uexp" 904
"E:/TheFatFight/Content/Characters/Mannequins/Rigs/Poses/Manny/Manny_clavicle_r_pose.uasset" 905
"E:/TheFatFight/Content/Characters/Mannequins/Rigs/Poses/Manny/Manny_clavicle_r_pose.uexp" 906
"E:/TheFatFight/Content/Characters/Mannequins/Rigs/Poses/Manny/Manny_thigh_l_anim.uasset" 907
"E:/TheFatFight/Content/Characters/Mannequins/Rigs/Poses/Manny/Manny_thigh_l_anim.uexp" 908
"E:/TheFatFight/Content/Characters/Mannequins/Rigs/Poses/Manny/Manny_thigh_l_pose.uasset" 909
"E:/TheFatFight/Content/Characters/Mannequins/Rigs/Poses/Manny/Manny_thigh_l_pose.uexp" 910
"E:/TheFatFight/Content/Characters/Mannequins/Rigs/Poses/Manny/Manny_upperarm_l_anim.uasset" 911
"E:/TheFatFight/Content/Characters/Mannequins/Rigs/Poses/Manny/Manny_upperarm_l_anim.uexp" 912
"E:/TheFatFight/Content/Characters/Mannequins/Rigs/Poses/Manny/Manny_upperarm_l_pose.uasset" 913
"E:/TheFatFight/Content/Characters/Mannequins/Rigs/Poses/Manny/Manny_upperarm_l_pose.uexp" 914
"E:/TheFatFight/Content/Characters/Mannequins/Rigs/ABP_Manny_PostProcess.uasset" 915
"E:/TheFatFight/Content/Characters/Mannequins/Rigs/ABP_Manny_PostProcess.uexp" 916
"E:/TheFatFight/Content/Characters/Mannequins/Meshes/SKM_Manny.uasset" 917
"E:/TheFatFight/Content/Characters/Mannequins/Meshes/SKM_Manny.uexp" 918
"E:/TheFatFight/Content/Characters/Mannequins/Rigs/IK_Mannequin.uasset" 919
"E:/TheFatFight/Content/Characters/Mannequins/Rigs/IK_Mannequin.uexp" 920
"E:/TheFatFight/Content/Characters/Mannequins/Rigs/RTG_Mannequin.uasset" 921
"E:/TheFatFight/Content/Characters/Mannequins/Rigs/RTG_Mannequin.uexp" 922
"E:/TheFatFight/Content/Characters/Mannequin_UE4/Meshes/SK_Mannequin_Skeleton.uasset" 923
"E:/TheFatFight/Content/Characters/Mannequin_UE4/Meshes/SK_Mannequin_Skeleton.uexp" 924
"E:/TheFatFight/Content/Characters/Mannequin_UE4/Animations/Jog_Fwd.uasset" 925
"E:/TheFatFight/Content/Characters/Mannequin_UE4/Animations/Jog_Fwd.uexp" 926
"E:/TheFatFight/Content/Characters/Mannequin_UE4/Textures/T_UELogo_N_TGA.ubulk" 927
"E:/TheFatFight/Content/Characters/Mannequin_UE4/Textures/T_UELogo_N_TGA.uasset" 928
"E:/TheFatFight/Content/Characters/Mannequin_UE4/Textures/T_UELogo_N_TGA.uexp" 929
"E:/TheFatFight/Content/Characters/Mannequin_UE4/Textures/T_UE4_Mannequin__normals.ubulk" 930
"E:/TheFatFight/Content/Characters/Mannequin_UE4/Textures/T_UE4_Mannequin__normals.uasset" 931
"E:/TheFatFight/Content/Characters/Mannequin_UE4/Textures/T_UE4_Mannequin__normals.uexp" 932
"E:/TheFatFight/Content/Characters/Mannequin_UE4/Materials/Layers/ML_ShinyPlastic_Beige.uasset" 933
"E:/TheFatFight/Content/Characters/Mannequin_UE4/Materials/Layers/ML_ShinyPlastic_Beige.uexp" 934
"../../../Engine/Content/Functions/Engine_MaterialFunctions02/Utility/BlendAngleCorrectedNormals.uasset" 935
"../../../Engine/Content/Functions/Engine_MaterialFunctions02/Utility/BlendAngleCorrectedNormals.uexp" 936
"../../../Engine/Content/Functions/MaterialLayerFunctions/MatLayerBlend_NormalBlend.uasset" 937
"../../../Engine/Content/Functions/MaterialLayerFunctions/MatLayerBlend_NormalBlend.uexp" 938
"E:/TheFatFight/Content/Characters/Mannequin_UE4/Textures/T_UELogo_Mask.ubulk" 939
"E:/TheFatFight/Content/Characters/Mannequin_UE4/Textures/T_UELogo_Mask.uasset" 940
"E:/TheFatFight/Content/Characters/Mannequin_UE4/Textures/T_UELogo_Mask.uexp" 941
"E:/TheFatFight/Content/Characters/Mannequin_UE4/Materials/Layers/ML_ShinyPlastic_Beige_Logo.uasset" 942
"E:/TheFatFight/Content/Characters/Mannequin_UE4/Materials/Layers/ML_ShinyPlastic_Beige_Logo.uexp" 943
"E:/TheFatFight/Content/Characters/Mannequin_UE4/Textures/T_UE4_Mannequin_MAT_MASKA.ubulk" 944
"E:/TheFatFight/Content/Characters/Mannequin_UE4/Textures/T_UE4_Mannequin_MAT_MASKA.uasset" 945
"E:/TheFatFight/Content/Characters/Mannequin_UE4/Textures/T_UE4_Mannequin_MAT_MASKA.uexp" 946
"E:/TheFatFight/Content/Characters/Mannequin_UE4/Textures/T_ML_Aluminum01_N.ubulk" 947
"E:/TheFatFight/Content/Characters/Mannequin_UE4/Textures/T_ML_Aluminum01_N.uasset" 948
"E:/TheFatFight/Content/Characters/Mannequin_UE4/Textures/T_ML_Aluminum01_N.uexp" 949
"E:/TheFatFight/Content/Characters/Mannequin_UE4/Textures/T_ML_Aluminum01.ubulk" 950
"E:/TheFatFight/Content/Characters/Mannequin_UE4/Textures/T_ML_Aluminum01.uasset" 951
"E:/TheFatFight/Content/Characters/Mannequin_UE4/Textures/T_ML_Aluminum01.uexp" 952
"E:/TheFatFight/Content/Characters/Mannequin_UE4/Materials/Layers/ML_SoftMetal.uasset" 953
"E:/TheFatFight/Content/Characters/Mannequin_UE4/Materials/Layers/ML_SoftMetal.uexp" 954
"../../../Engine/Content/Functions/MaterialLayerFunctions/MatLayerBlend_Simple.uasset" 955
"../../../Engine/Content/Functions/MaterialLayerFunctions/MatLayerBlend_Simple.uexp" 956
"E:/TheFatFight/Content/Characters/Mannequin_UE4/Textures/T_ML_Rubber_Blue_01_N.ubulk" 957
"E:/TheFatFight/Content/Characters/Mannequin_UE4/Textures/T_ML_Rubber_Blue_01_N.uasset" 958
"E:/TheFatFight/Content/Characters/Mannequin_UE4/Textures/T_ML_Rubber_Blue_01_N.uexp" 959
"E:/TheFatFight/Content/Characters/Mannequin_UE4/Textures/T_ML_Rubber_Blue_01_D.ubulk" 960
"E:/TheFatFight/Content/Characters/Mannequin_UE4/Textures/T_ML_Rubber_Blue_01_D.uasset" 961
"E:/TheFatFight/Content/Characters/Mannequin_UE4/Textures/T_ML_Rubber_Blue_01_D.uexp" 962
"E:/TheFatFight/Content/Characters/Mannequin_UE4/Materials/Layers/ML_Latex_Black.uasset" 963
"E:/TheFatFight/Content/Characters/Mannequin_UE4/Materials/Layers/ML_Latex_Black.uexp" 964
"E:/TheFatFight/Content/Characters/Mannequin_UE4/Materials/M_MannequinUE4_Body.uasset" 965
"E:/TheFatFight/Content/Characters/Mannequin_UE4/Materials/M_MannequinUE4_Body.uexp" 966
"E:/TheFatFight/Content/Characters/Mannequin_UE4/Materials/M_MannequinUE4_ChestLogo.uasset" 967
"E:/TheFatFight/Content/Characters/Mannequin_UE4/Materials/M_MannequinUE4_ChestLogo.uexp" 968
"E:/TheFatFight/Content/Characters/Mannequin_UE4/Meshes/SK_Mannequin_PhysicsAsset.uasset" 969
"E:/TheFatFight/Content/Characters/Mannequin_UE4/Meshes/SK_Mannequin_PhysicsAsset.uexp" 970
"E:/TheFatFight/Content/Characters/Mannequin_UE4/Meshes/SK_Mannequin.uasset" 971
"E:/TheFatFight/Content/Characters/Mannequin_UE4/Meshes/SK_Mannequin.uexp" 972
"E:/TheFatFight/Content/Characters/Mannequin_UE4/Rigs/IK_UE4_Mannequin.uasset" 973
"E:/TheFatFight/Content/Characters/Mannequin_UE4/Rigs/IK_UE4_Mannequin.uexp" 974
"E:/TheFatFight/Content/Characters/Mannequin_UE4/Rigs/RTG_UE5Manny_UE4Manny.uasset" 975
"E:/TheFatFight/Content/Characters/Mannequin_UE4/Rigs/RTG_UE5Manny_UE4Manny.uexp" 976
"E:/TheFatFight/Content/Characters/Mannequin_UE4/Rigs/RTG_UE4Manny_UE5Manny.uasset" 977
"E:/TheFatFight/Content/Characters/Mannequin_UE4/Rigs/RTG_UE4Manny_UE5Manny.uexp" 978
"E:/TheFatFight/Content/LevelPrototyping/Materials/MI_PrototypeGrid_TopDark.uasset" 979
"E:/TheFatFight/Content/LevelPrototyping/Materials/MI_PrototypeGrid_TopDark.uexp" 980
"E:/TheFatFight/Content/LevelPrototyping/Materials/MI_PrototypeGrid_Gray_02.uasset" 981
"E:/TheFatFight/Content/LevelPrototyping/Materials/MI_PrototypeGrid_Gray_02.uexp" 982
"E:/TheFatFight/Content/LevelPrototyping/Meshes/SM_Ramp.ubulk" 983
"E:/TheFatFight/Content/LevelPrototyping/Meshes/SM_Ramp.uasset" 984
"E:/TheFatFight/Content/LevelPrototyping/Meshes/SM_Ramp.uexp" 985
"E:/TheFatFight/Content/LevelPrototyping/Meshes/SM_QuarterCylinder.ubulk" 986
"E:/TheFatFight/Content/LevelPrototyping/Meshes/SM_QuarterCylinder.uasset" 987
"E:/TheFatFight/Content/LevelPrototyping/Meshes/SM_QuarterCylinder.uexp" 988
"E:/TheFatFight/Content/LevelPrototyping/Meshes/SM_Cylinder.ubulk" 989
"E:/TheFatFight/Content/LevelPrototyping/Meshes/SM_Cylinder.uasset" 990
"E:/TheFatFight/Content/LevelPrototyping/Meshes/SM_Cylinder.uexp" 991
"E:/TheFatFight/Content/LevelPrototyping/Meshes/SM_Cube_skeletal_PhysicsAsset.uasset" 992
"E:/TheFatFight/Content/LevelPrototyping/Meshes/SM_Cube_skeletal_PhysicsAsset.uexp" 993
"E:/TheFatFight/Content/LevelPrototyping/Meshes/SM_Cube_skeletal_Skeleton.uasset" 994
"E:/TheFatFight/Content/LevelPrototyping/Meshes/SM_Cube_skeletal_Skeleton.uexp" 995
"E:/TheFatFight/Content/LevelPrototyping/Meshes/SM_Cube_skeletal.uasset" 996
"E:/TheFatFight/Content/LevelPrototyping/Meshes/SM_Cube_skeletal.uexp" 997
"E:/TheFatFight/Content/LevelPrototyping/Materials/M_Solid.uasset" 998
"E:/TheFatFight/Content/LevelPrototyping/Materials/M_Solid.uexp" 999
"E:/TheFatFight/Content/LevelPrototyping/Materials/MI_Solid_Blue.uasset" 1000
"E:/TheFatFight/Content/LevelPrototyping/Materials/MI_Solid_Blue.uexp" 1001
"E:/TheFatFight/Content/LevelPrototyping/Meshes/SM_ChamferCube.ubulk" 1002
"E:/TheFatFight/Content/LevelPrototyping/Meshes/SM_ChamferCube.uasset" 1003
"E:/TheFatFight/Content/LevelPrototyping/Meshes/SM_ChamferCube.uexp" 1004
"E:/TheFatFight/Content/UI/Images/InstructionBg.uasset" 1005
"E:/TheFatFight/Content/UI/Images/InstructionBg.uexp" 1006
"E:/TheFatFight/Content/UI/Images/basic_cat_image.uasset" 1007
"E:/TheFatFight/Content/UI/Images/basic_cat_image.uexp" 1008
"../../../Engine/Plugins/Animation/ControlRig/Content/Controls/DefaultGizmoLibraryNormalized.uasset" 1009
"../../../Engine/Plugins/Animation/ControlRig/Content/Controls/DefaultGizmoLibraryNormalized.uexp" 1010
"E:/TheFatFight/Content/Characters/Mannequins/Rigs/CR_Mannequin_Body.uasset" 1011
"E:/TheFatFight/Content/Characters/Mannequins/Rigs/CR_Mannequin_Body.uexp" 1012
"../../../Engine/Content/Maps/Entry_BuiltData.uasset" 1013
"../../../Engine/Content/Maps/Entry_BuiltData.uexp" 1014
"../../../Engine/Content/Maps/Entry.uexp" 1015
"../../../Engine/Content/Maps/Entry.umap" 1016
"E:/TheFatFight/Content/Sounds/ambienceloop1.ubulk" 1017
"E:/TheFatFight/Content/Sounds/ambienceloop1.uasset" 1018
"E:/TheFatFight/Content/Sounds/ambienceloop1.uexp" 1019
"E:/TheFatFight/Content/Sounds/ambienceloop1_Cue.uasset" 1020
"E:/TheFatFight/Content/Sounds/ambienceloop1_Cue.uexp" 1021
"E:/TheFatFight/Content/UI/WinState.uasset" 1022
"E:/TheFatFight/Content/UI/WinState.uexp" 1023
"E:/TheFatFight/Content/WinState.uexp" 1024
"E:/TheFatFight/Content/WinState.umap" 1025
"E:/TheFatFight/Content/UI/Images/Main_Menu.uasset" 1026
"E:/TheFatFight/Content/UI/Images/Main_Menu.uexp" 1027
"E:/TheFatFight/Content/UI/Images/controller.uasset" 1028
"E:/TheFatFight/Content/UI/Images/controller.uexp" 1029
"E:/TheFatFight/Content/UI/Images/Instruction.uasset" 1030
"E:/TheFatFight/Content/UI/Images/Instruction.uexp" 1031
"E:/TheFatFight/Content/UI/Images/qwerty.uasset" 1032
"E:/TheFatFight/Content/UI/Images/qwerty.uexp" 1033
"E:/TheFatFight/Content/UI/mainmenu.uasset" 1034
"E:/TheFatFight/Content/UI/mainmenu.uexp" 1035
"E:/TheFatFight/Content/UI/MenuGameMode.uasset" 1036
"E:/TheFatFight/Content/UI/MenuGameMode.uexp" 1037
"E:/TheFatFight/Content/Sounds/menumusicvolumeup.ubulk" 1038
"E:/TheFatFight/Content/Sounds/menumusicvolumeup.uasset" 1039
"E:/TheFatFight/Content/Sounds/menumusicvolumeup.uexp" 1040
"E:/TheFatFight/Content/Sounds/menumusicvolumeup_Cue.uasset" 1041
"E:/TheFatFight/Content/Sounds/menumusicvolumeup_Cue.uexp" 1042
"E:/TheFatFight/Content/MainMenu.uexp" 1043
"E:/TheFatFight/Content/MainMenu.umap" 1044
"E:/TheFatFight/Content/UI/LoseState.uasset" 1045
"E:/TheFatFight/Content/UI/LoseState.uexp" 1046
"E:/TheFatFight/Content/LoseState.uexp" 1047
"E:/TheFatFight/Content/LoseState.umap" 1048
"E:/TheFatFight/Content/Sounds/fat_fight.ubulk" 1049
"E:/TheFatFight/Content/Sounds/fat_fight.uasset" 1050
"E:/TheFatFight/Content/Sounds/fat_fight.uexp" 1051
"E:/TheFatFight/Content/Sounds/fat_fight_Cue.uasset" 1052
"E:/TheFatFight/Content/Sounds/fat_fight_Cue.uexp" 1053
"E:/TheFatFight/Content/UI/NewTimer.uasset" 1054
"E:/TheFatFight/Content/UI/NewTimer.uexp" 1055
"E:/TheFatFight/Content/Level1Prototyping/T_FatFightAtlas_BC.ubulk" 1056
"E:/TheFatFight/Content/Level1Prototyping/T_FatFightAtlas_BC.uasset" 1057
"E:/TheFatFight/Content/Level1Prototyping/T_FatFightAtlas_BC.uexp" 1058
"E:/TheFatFight/Content/Level1Prototyping/M_FatFightLvl1.uasset" 1059
"E:/TheFatFight/Content/Level1Prototyping/M_FatFightLvl1.uexp" 1060
"E:/TheFatFight/Content/Level1Prototyping/PR_OfficeChair.ubulk" 1061
"E:/TheFatFight/Content/Level1Prototyping/PR_OfficeChair.uasset" 1062
"E:/TheFatFight/Content/Level1Prototyping/PR_OfficeChair.uexp" 1063
"E:/TheFatFight/Content/LevelPrototyping/Materials/MI_Solid_Brown.uasset" 1064
"E:/TheFatFight/Content/LevelPrototyping/Materials/MI_Solid_Brown.uexp" 1065
"E:/TheFatFight/Content/Blueprints/BP_Overlap.uasset" 1066
"E:/TheFatFight/Content/Blueprints/BP_Overlap.uexp" 1067
"E:/TheFatFight/Content/Level1Prototyping/PR_Bedroom.ubulk" 1068
"E:/TheFatFight/Content/Level1Prototyping/PR_Bedroom.uasset" 1069
"E:/TheFatFight/Content/Level1Prototyping/PR_Bedroom.uexp" 1070
"E:/TheFatFight/Content/Level1Prototyping/PR_TrashCan.ubulk" 1071
"E:/TheFatFight/Content/Level1Prototyping/PR_TrashCan.uasset" 1072
"E:/TheFatFight/Content/Level1Prototyping/PR_TrashCan.uexp" 1073
"E:/TheFatFight/Content/Level1Prototyping/PR_Desk.ubulk" 1074
"E:/TheFatFight/Content/Level1Prototyping/PR_Desk.uasset" 1075
"E:/TheFatFight/Content/Level1Prototyping/PR_Desk.uexp" 1076
"E:/TheFatFight/Content/Level1Prototyping/PR_Lamp_02.ubulk" 1077
"E:/TheFatFight/Content/Level1Prototyping/PR_Lamp_02.uasset" 1078
"E:/TheFatFight/Content/Level1Prototyping/PR_Lamp_02.uexp" 1079
"E:/TheFatFight/Content/Level1Prototyping/PR_Lamp_01.ubulk" 1080
"E:/TheFatFight/Content/Level1Prototyping/PR_Lamp_01.uasset" 1081
"E:/TheFatFight/Content/Level1Prototyping/PR_Lamp_01.uexp" 1082
"E:/TheFatFight/Content/Level1Prototyping/PR_NightStand.ubulk" 1083
"E:/TheFatFight/Content/Level1Prototyping/PR_NightStand.uasset" 1084
"E:/TheFatFight/Content/Level1Prototyping/PR_NightStand.uexp" 1085
"E:/TheFatFight/Content/Level1_BuiltData.ubulk" 1086
"E:/TheFatFight/Content/Level1_BuiltData.uasset" 1087
"E:/TheFatFight/Content/Level1_BuiltData.uexp" 1088
"E:/TheFatFight/Content/Level1Prototyping/PR_Mirror.ubulk" 1089
"E:/TheFatFight/Content/Level1Prototyping/PR_Mirror.uasset" 1090
"E:/TheFatFight/Content/Level1Prototyping/PR_Mirror.uexp" 1091
"E:/TheFatFight/Content/Level1Prototyping/PR_Dresser.ubulk" 1092
"E:/TheFatFight/Content/Level1Prototyping/PR_Dresser.uasset" 1093
"E:/TheFatFight/Content/Level1Prototyping/PR_Dresser.uexp" 1094
"E:/TheFatFight/Content/Level1Prototyping/PR_Bed.ubulk" 1095
"E:/TheFatFight/Content/Level1Prototyping/PR_Bed.uasset" 1096
"E:/TheFatFight/Content/Level1Prototyping/PR_Bed.uexp" 1097
"E:/TheFatFight/Content/Level1Prototyping/PR_WindowFrame.ubulk" 1098
"E:/TheFatFight/Content/Level1Prototyping/PR_WindowFrame.uasset" 1099
"E:/TheFatFight/Content/Level1Prototyping/PR_WindowFrame.uexp" 1100
"E:/TheFatFight/Content/Level1Prototyping/PR_Curtain.ubulk" 1101
"E:/TheFatFight/Content/Level1Prototyping/PR_Curtain.uasset" 1102
"E:/TheFatFight/Content/Level1Prototyping/PR_Curtain.uexp" 1103
"E:/TheFatFight/Content/Level1Prototyping/PR_Door.ubulk" 1104
"E:/TheFatFight/Content/Level1Prototyping/PR_Door.uasset" 1105
"E:/TheFatFight/Content/Level1Prototyping/PR_Door.uexp" 1106
"E:/TheFatFight/Content/UI/NewScoreBoard.uasset" 1107
"E:/TheFatFight/Content/UI/NewScoreBoard.uexp" 1108
"E:/TheFatFight/Content/Level1Prototyping/PR_Hamper.ubulk" 1109
"E:/TheFatFight/Content/Level1Prototyping/PR_Hamper.uasset" 1110
"E:/TheFatFight/Content/Level1Prototyping/PR_Hamper.uexp" 1111
"E:/TheFatFight/Content/Level1.uexp" 1112
"E:/TheFatFight/Content/Level1.umap" 1113
"E:/TheFatFight/Content/LevelPrototyping/Room0.ubulk" 1114
"E:/TheFatFight/Content/LevelPrototyping/Room0.uasset" 1115
"E:/TheFatFight/Content/LevelPrototyping/Room0.uexp" 1116
"E:/TheFatFight/Content/Level0_BuiltData.ubulk" 1117
"E:/TheFatFight/Content/Level0_BuiltData.uasset" 1118
"E:/TheFatFight/Content/Level0_BuiltData.uexp" 1119
"E:/TheFatFight/Content/Level0.uexp" 1120
"E:/TheFatFight/Content/Level0.umap" 1121
